#
# There is insufficient memory for the Java Runtime Environment to continue.
# Native memory allocation (malloc) failed to allocate 61040 bytes for Chunk::new
# Possible reasons:
#   The system is out of physical RAM or swap space
#   The process is running with CompressedOops enabled, and the Java Heap may be blocking the growth of the native heap
# Possible solutions:
#   Reduce memory load on the system
#   Increase physical memory or swap space
#   Check if swap backing store is full
#   Decrease Java heap size (-Xmx/-Xms)
#   Decrease number of Java threads
#   Decrease Java thread stack sizes (-Xss)
#   Set larger code cache with -XX:ReservedCodeCacheSize=
#   JVM is running with Unscaled Compressed Oops mode in which the Java heap is
#     placed in the first 4GB address space. The Java Heap base address is the
#     maximum limit for the native heap growth. Please use -XX:HeapBaseMinAddress
#     to set the Java Heap base and to place the Java Heap above 4GB virtual address.
# This output file may be truncated or incomplete.
#
#  Out of Memory Error (arena.cpp:189), pid=27440, tid=30996
#
# JRE version: Java(TM) SE Runtime Environment (17.0.7+8) (build 17.0.7+8-LTS-224)
# Java VM: Java HotSpot(TM) 64-Bit Server VM (17.0.7+8-LTS-224, mixed mode, tiered, compressed oops, compressed class ptrs, g1 gc, windows-amd64)
# No core dump will be written. Minidumps are not enabled by default on client versions of Windows
#

---------------  S U M M A R Y ------------

Command Line: -Dfile.encoding=UTF-8 --module-path=C:\Users\dell\OneDrive\Documents\NetBeansProjects\atm\build\classes atm.signuptwo

Host: Intel(R) Core(TM) i5-10210U CPU @ 1.60GHz, 8 cores, 7G,  Windows 11 , 64 bit Build 22621 (10.0.22621.1485)
Time: Thu Apr 27 21:25:59 2023 India Standard Time elapsed time: 1.189323 seconds (0d 0h 0m 1s)

---------------  T H R E A D  ---------------

Current thread (0x0000025cf33dac00):  JavaThread "main" [_thread_in_vm, id=30996, stack(0x000000b528d00000,0x000000b528e00000)]

Stack: [0x000000b528d00000,0x000000b528e00000]
Native frames: (J=compiled Java code, j=interpreted, Vv=VM code, C=native code)
V  [jvm.dll+0x676a4a]
V  [jvm.dll+0x7d74f4]
V  [jvm.dll+0x7d8c9e]
V  [jvm.dll+0x7d9303]
V  [jvm.dll+0x2452c5]
V  [jvm.dll+0xaaa2b]
V  [jvm.dll+0xaafcc]
V  [jvm.dll+0x1f1828]
V  [jvm.dll+0x1f05b6]
V  [jvm.dll+0x75156d]
V  [jvm.dll+0x752953]
V  [jvm.dll+0x752c88]
V  [jvm.dll+0x23d78b]
V  [jvm.dll+0x37ebde]
C  0x0000025c8753f2a3

Java frames: (J=compiled Java code, j=interpreted, Vv=VM code)
j  sun.java2d.loops.GraphicsPrimitiveMgr.<clinit>()V+10 java.desktop@17.0.7
v  ~StubRoutines::call_stub
j  sun.java2d.loops.Blit.<clinit>()V+36 java.desktop@17.0.7
v  ~StubRoutines::call_stub
j  sun.java2d.windows.GDIWindowSurfaceData.<clinit>()V+72 java.desktop@17.0.7
v  ~StubRoutines::call_stub
j  sun.awt.Win32GraphicsConfig.createSurfaceData(Lsun/awt/windows/WComponentPeer;I)Lsun/java2d/SurfaceData;+1 java.desktop@17.0.7
j  sun.java2d.ScreenUpdateManager.createScreenSurface(Lsun/awt/Win32GraphicsConfig;Lsun/awt/windows/WComponentPeer;IZ)Lsun/java2d/SurfaceData;+3 java.desktop@17.0.7
j  sun.java2d.d3d.D3DScreenUpdateManager.createScreenSurface(Lsun/awt/Win32GraphicsConfig;Lsun/awt/windows/WComponentPeer;IZ)Lsun/java2d/SurfaceData;+20 java.desktop@17.0.7
j  sun.awt.windows.WComponentPeer.createScreenSurface(Z)V+21 java.desktop@17.0.7
j  sun.awt.windows.WComponentPeer.<init>(Ljava/awt/Component;)V+79 java.desktop@17.0.7
j  sun.awt.windows.WCanvasPeer.<init>(Ljava/awt/Component;)V+2 java.desktop@17.0.7
j  sun.awt.windows.WPanelPeer.<init>(Ljava/awt/Component;)V+2 java.desktop@17.0.7
j  sun.awt.windows.WWindowPeer.<init>(Ljava/awt/Window;)V+2 java.desktop@17.0.7
j  sun.awt.windows.WFramePeer.<init>(Ljava/awt/Frame;)V+2 java.desktop@17.0.7
j  sun.awt.windows.WToolkit.createFrame(Ljava/awt/Frame;)Ljava/awt/peer/FramePeer;+5 java.desktop@17.0.7
j  java.awt.Frame.addNotify()V+20 java.desktop@17.0.7
j  java.awt.Window.show()V+8 java.desktop@17.0.7
j  java.awt.Component.show(Z)V+5 java.desktop@17.0.7
j  java.awt.Component.setVisible(Z)V+2 java.desktop@17.0.7
j  java.awt.Window.setVisible(Z)V+2 java.desktop@17.0.7
j  atm.signuptwo.<init>(Ljava/lang/String;)V+1439
j  atm.signuptwo.main([Ljava/lang/String;)V+7
v  ~StubRoutines::call_stub

---------------  P R O C E S S  ---------------

Threads class SMR info:
_java_thread_list=0x0000025c9257ffa0, length=16, elements={
0x0000025cf33dac00, 0x0000025c91528260, 0x0000025c91529a30, 0x0000025c9200f990,
0x0000025c9200ff50, 0x0000025c92010510, 0x0000025c9202b9a0, 0x0000025c9202c1a0,
0x0000025c92023e50, 0x0000025c92025370, 0x0000025c9148dc00, 0x0000025c92288aa0,
0x0000025c924d0ae0, 0x0000025c924d5c90, 0x0000025c924d9230, 0x0000025c925821c0
}

Java Threads: ( => current thread )
=>0x0000025cf33dac00 JavaThread "main" [_thread_in_vm, id=30996, stack(0x000000b528d00000,0x000000b528e00000)]
  0x0000025c91528260 JavaThread "Reference Handler" daemon [_thread_blocked, id=12956, stack(0x000000b529400000,0x000000b529500000)]
  0x0000025c91529a30 JavaThread "Finalizer" daemon [_thread_blocked, id=23196, stack(0x000000b529500000,0x000000b529600000)]
  0x0000025c9200f990 JavaThread "Signal Dispatcher" daemon [_thread_blocked, id=30328, stack(0x000000b529600000,0x000000b529700000)]
  0x0000025c9200ff50 JavaThread "Attach Listener" daemon [_thread_blocked, id=21332, stack(0x000000b529700000,0x000000b529800000)]
  0x0000025c92010510 JavaThread "Service Thread" daemon [_thread_blocked, id=29336, stack(0x000000b529800000,0x000000b529900000)]
  0x0000025c9202b9a0 JavaThread "Monitor Deflation Thread" daemon [_thread_blocked, id=25880, stack(0x000000b529900000,0x000000b529a00000)]
  0x0000025c9202c1a0 JavaThread "C2 CompilerThread0" daemon [_thread_blocked, id=12056, stack(0x000000b529a00000,0x000000b529b00000)]
  0x0000025c92023e50 JavaThread "C1 CompilerThread0" daemon [_thread_blocked, id=30656, stack(0x000000b529b00000,0x000000b529c00000)]
  0x0000025c92025370 JavaThread "Sweeper thread" daemon [_thread_blocked, id=7556, stack(0x000000b529c00000,0x000000b529d00000)]
  0x0000025c9148dc00 JavaThread "Common-Cleaner" daemon [_thread_blocked, id=31672, stack(0x000000b529d00000,0x000000b529e00000)]
  0x0000025c92288aa0 JavaThread "Notification Thread" daemon [_thread_blocked, id=23388, stack(0x000000b529e00000,0x000000b529f00000)]
  0x0000025c924d0ae0 JavaThread "Java2D Disposer" daemon [_thread_blocked, id=20568, stack(0x000000b52a000000,0x000000b52a100000)]
  0x0000025c924d5c90 JavaThread "AWT-Shutdown" [_thread_blocked, id=18904, stack(0x000000b52a100000,0x000000b52a200000)]
  0x0000025c924d9230 JavaThread "AWT-Windows" daemon [_thread_in_native, id=24124, stack(0x000000b52a200000,0x000000b52a300000)]
  0x0000025c925821c0 JavaThread "AWT-EventQueue-0" [_thread_blocked, id=13072, stack(0x000000b52a300000,0x000000b52a400000)]

Other Threads:
  0x0000025c91500d00 VMThread "VM Thread" [stack: 0x000000b529300000,0x000000b529400000] [id=28508]
  0x0000025cf345aa90 WatcherThread [stack: 0x000000b529f00000,0x000000b52a000000] [id=13848]
  0x0000025cf34332d0 GCTaskThread "GC Thread#0" [stack: 0x000000b528e00000,0x000000b528f00000] [id=26620]
  0x0000025cf3443d90 ConcurrentGCThread "G1 Main Marker" [stack: 0x000000b528f00000,0x000000b529000000] [id=19092]
  0x0000025cf34450a0 ConcurrentGCThread "G1 Conc#0" [stack: 0x000000b529000000,0x000000b529100000] [id=31492]
  0x0000025cf34ae0d0 ConcurrentGCThread "G1 Refine#0" [stack: 0x000000b529100000,0x000000b529200000] [id=27896]
  0x0000025cf34ae5a0 ConcurrentGCThread "G1 Service" [stack: 0x000000b529200000,0x000000b529300000] [id=18336]

Threads with active compile tasks:

VM state: not at safepoint (normal execution)

VM Mutex/Monitor currently owned by a thread: None

Heap address: 0x0000000082400000, size: 2012 MB, Compressed Oops mode: 32-bit

CDS archive(s) not mapped
Compressed class space mapped at: 0x0000000100000000-0x0000000140000000, reserved size: 1073741824
Narrow klass base: 0x0000000000000000, Narrow klass shift: 3, Narrow klass range: 0x140000000

GC Precious Log:
 CPUs: 8 total, 8 available
 Memory: 8040M
 Large Page Support: Disabled
 NUMA Support: Disabled
 Compressed Oops: Enabled (32-bit)
 Heap Region Size: 1M
 Heap Min Capacity: 8M
 Heap Initial Capacity: 126M
 Heap Max Capacity: 2012M
 Pre-touch: Disabled
 Parallel Workers: 8
 Concurrent Workers: 2
 Concurrent Refinement Workers: 8
 Periodic GC: Disabled

Heap:
 garbage-first heap   total 129024K, used 4096K [0x0000000082400000, 0x0000000100000000)
  region size 1024K, 6 young (6144K), 0 survivors (0K)
 Metaspace       used 13511K, committed 13696K, reserved 1064960K
  class space    used 1445K, committed 1536K, reserved 1048576K

Heap Regions: E=young(eden), S=young(survivor), O=old, HS=humongous(starts), HC=humongous(continues), CS=collection set, F=free, OA=open archive, CA=closed archive, TAMS=top-at-mark-start (previous, next)
|   0|0x0000000082400000, 0x0000000082400000, 0x0000000082500000|  0%| F|  |TAMS 0x0000000082400000, 0x0000000082400000| Untracked 
|   1|0x0000000082500000, 0x0000000082500000, 0x0000000082600000|  0%| F|  |TAMS 0x0000000082500000, 0x0000000082500000| Untracked 
|   2|0x0000000082600000, 0x0000000082600000, 0x0000000082700000|  0%| F|  |TAMS 0x0000000082600000, 0x0000000082600000| Untracked 
|   3|0x0000000082700000, 0x0000000082700000, 0x0000000082800000|  0%| F|  |TAMS 0x0000000082700000, 0x0000000082700000| Untracked 
|   4|0x0000000082800000, 0x0000000082800000, 0x0000000082900000|  0%| F|  |TAMS 0x0000000082800000, 0x0000000082800000| Untracked 
|   5|0x0000000082900000, 0x0000000082900000, 0x0000000082a00000|  0%| F|  |TAMS 0x0000000082900000, 0x0000000082900000| Untracked 
|   6|0x0000000082a00000, 0x0000000082a00000, 0x0000000082b00000|  0%| F|  |TAMS 0x0000000082a00000, 0x0000000082a00000| Untracked 
|   7|0x0000000082b00000, 0x0000000082b00000, 0x0000000082c00000|  0%| F|  |TAMS 0x0000000082b00000, 0x0000000082b00000| Untracked 
|   8|0x0000000082c00000, 0x0000000082c00000, 0x0000000082d00000|  0%| F|  |TAMS 0x0000000082c00000, 0x0000000082c00000| Untracked 
|   9|0x0000000082d00000, 0x0000000082d00000, 0x0000000082e00000|  0%| F|  |TAMS 0x0000000082d00000, 0x0000000082d00000| Untracked 
|  10|0x0000000082e00000, 0x0000000082e00000, 0x0000000082f00000|  0%| F|  |TAMS 0x0000000082e00000, 0x0000000082e00000| Untracked 
|  11|0x0000000082f00000, 0x0000000082f00000, 0x0000000083000000|  0%| F|  |TAMS 0x0000000082f00000, 0x0000000082f00000| Untracked 
|  12|0x0000000083000000, 0x0000000083000000, 0x0000000083100000|  0%| F|  |TAMS 0x0000000083000000, 0x0000000083000000| Untracked 
|  13|0x0000000083100000, 0x0000000083100000, 0x0000000083200000|  0%| F|  |TAMS 0x0000000083100000, 0x0000000083100000| Untracked 
|  14|0x0000000083200000, 0x0000000083200000, 0x0000000083300000|  0%| F|  |TAMS 0x0000000083200000, 0x0000000083200000| Untracked 
|  15|0x0000000083300000, 0x0000000083300000, 0x0000000083400000|  0%| F|  |TAMS 0x0000000083300000, 0x0000000083300000| Untracked 
|  16|0x0000000083400000, 0x0000000083400000, 0x0000000083500000|  0%| F|  |TAMS 0x0000000083400000, 0x0000000083400000| Untracked 
|  17|0x0000000083500000, 0x0000000083500000, 0x0000000083600000|  0%| F|  |TAMS 0x0000000083500000, 0x0000000083500000| Untracked 
|  18|0x0000000083600000, 0x0000000083600000, 0x0000000083700000|  0%| F|  |TAMS 0x0000000083600000, 0x0000000083600000| Untracked 
|  19|0x0000000083700000, 0x0000000083700000, 0x0000000083800000|  0%| F|  |TAMS 0x0000000083700000, 0x0000000083700000| Untracked 
|  20|0x0000000083800000, 0x0000000083800000, 0x0000000083900000|  0%| F|  |TAMS 0x0000000083800000, 0x0000000083800000| Untracked 
|  21|0x0000000083900000, 0x0000000083900000, 0x0000000083a00000|  0%| F|  |TAMS 0x0000000083900000, 0x0000000083900000| Untracked 
|  22|0x0000000083a00000, 0x0000000083a00000, 0x0000000083b00000|  0%| F|  |TAMS 0x0000000083a00000, 0x0000000083a00000| Untracked 
|  23|0x0000000083b00000, 0x0000000083b00000, 0x0000000083c00000|  0%| F|  |TAMS 0x0000000083b00000, 0x0000000083b00000| Untracked 
|  24|0x0000000083c00000, 0x0000000083c00000, 0x0000000083d00000|  0%| F|  |TAMS 0x0000000083c00000, 0x0000000083c00000| Untracked 
|  25|0x0000000083d00000, 0x0000000083d00000, 0x0000000083e00000|  0%| F|  |TAMS 0x0000000083d00000, 0x0000000083d00000| Untracked 
|  26|0x0000000083e00000, 0x0000000083e00000, 0x0000000083f00000|  0%| F|  |TAMS 0x0000000083e00000, 0x0000000083e00000| Untracked 
|  27|0x0000000083f00000, 0x0000000083f00000, 0x0000000084000000|  0%| F|  |TAMS 0x0000000083f00000, 0x0000000083f00000| Untracked 
|  28|0x0000000084000000, 0x0000000084000000, 0x0000000084100000|  0%| F|  |TAMS 0x0000000084000000, 0x0000000084000000| Untracked 
|  29|0x0000000084100000, 0x0000000084100000, 0x0000000084200000|  0%| F|  |TAMS 0x0000000084100000, 0x0000000084100000| Untracked 
|  30|0x0000000084200000, 0x0000000084200000, 0x0000000084300000|  0%| F|  |TAMS 0x0000000084200000, 0x0000000084200000| Untracked 
|  31|0x0000000084300000, 0x0000000084300000, 0x0000000084400000|  0%| F|  |TAMS 0x0000000084300000, 0x0000000084300000| Untracked 
|  32|0x0000000084400000, 0x0000000084400000, 0x0000000084500000|  0%| F|  |TAMS 0x0000000084400000, 0x0000000084400000| Untracked 
|  33|0x0000000084500000, 0x0000000084500000, 0x0000000084600000|  0%| F|  |TAMS 0x0000000084500000, 0x0000000084500000| Untracked 
|  34|0x0000000084600000, 0x0000000084600000, 0x0000000084700000|  0%| F|  |TAMS 0x0000000084600000, 0x0000000084600000| Untracked 
|  35|0x0000000084700000, 0x0000000084700000, 0x0000000084800000|  0%| F|  |TAMS 0x0000000084700000, 0x0000000084700000| Untracked 
|  36|0x0000000084800000, 0x0000000084800000, 0x0000000084900000|  0%| F|  |TAMS 0x0000000084800000, 0x0000000084800000| Untracked 
|  37|0x0000000084900000, 0x0000000084900000, 0x0000000084a00000|  0%| F|  |TAMS 0x0000000084900000, 0x0000000084900000| Untracked 
|  38|0x0000000084a00000, 0x0000000084a00000, 0x0000000084b00000|  0%| F|  |TAMS 0x0000000084a00000, 0x0000000084a00000| Untracked 
|  39|0x0000000084b00000, 0x0000000084b00000, 0x0000000084c00000|  0%| F|  |TAMS 0x0000000084b00000, 0x0000000084b00000| Untracked 
|  40|0x0000000084c00000, 0x0000000084c00000, 0x0000000084d00000|  0%| F|  |TAMS 0x0000000084c00000, 0x0000000084c00000| Untracked 
|  41|0x0000000084d00000, 0x0000000084d00000, 0x0000000084e00000|  0%| F|  |TAMS 0x0000000084d00000, 0x0000000084d00000| Untracked 
|  42|0x0000000084e00000, 0x0000000084e00000, 0x0000000084f00000|  0%| F|  |TAMS 0x0000000084e00000, 0x0000000084e00000| Untracked 
|  43|0x0000000084f00000, 0x0000000084f00000, 0x0000000085000000|  0%| F|  |TAMS 0x0000000084f00000, 0x0000000084f00000| Untracked 
|  44|0x0000000085000000, 0x0000000085000000, 0x0000000085100000|  0%| F|  |TAMS 0x0000000085000000, 0x0000000085000000| Untracked 
|  45|0x0000000085100000, 0x0000000085100000, 0x0000000085200000|  0%| F|  |TAMS 0x0000000085100000, 0x0000000085100000| Untracked 
|  46|0x0000000085200000, 0x0000000085200000, 0x0000000085300000|  0%| F|  |TAMS 0x0000000085200000, 0x0000000085200000| Untracked 
|  47|0x0000000085300000, 0x0000000085300000, 0x0000000085400000|  0%| F|  |TAMS 0x0000000085300000, 0x0000000085300000| Untracked 
|  48|0x0000000085400000, 0x0000000085400000, 0x0000000085500000|  0%| F|  |TAMS 0x0000000085400000, 0x0000000085400000| Untracked 
|  49|0x0000000085500000, 0x0000000085500000, 0x0000000085600000|  0%| F|  |TAMS 0x0000000085500000, 0x0000000085500000| Untracked 
|  50|0x0000000085600000, 0x0000000085600000, 0x0000000085700000|  0%| F|  |TAMS 0x0000000085600000, 0x0000000085600000| Untracked 
|  51|0x0000000085700000, 0x0000000085700000, 0x0000000085800000|  0%| F|  |TAMS 0x0000000085700000, 0x0000000085700000| Untracked 
|  52|0x0000000085800000, 0x0000000085800000, 0x0000000085900000|  0%| F|  |TAMS 0x0000000085800000, 0x0000000085800000| Untracked 
|  53|0x0000000085900000, 0x0000000085900000, 0x0000000085a00000|  0%| F|  |TAMS 0x0000000085900000, 0x0000000085900000| Untracked 
|  54|0x0000000085a00000, 0x0000000085a00000, 0x0000000085b00000|  0%| F|  |TAMS 0x0000000085a00000, 0x0000000085a00000| Untracked 
|  55|0x0000000085b00000, 0x0000000085b00000, 0x0000000085c00000|  0%| F|  |TAMS 0x0000000085b00000, 0x0000000085b00000| Untracked 
|  56|0x0000000085c00000, 0x0000000085c00000, 0x0000000085d00000|  0%| F|  |TAMS 0x0000000085c00000, 0x0000000085c00000| Untracked 
|  57|0x0000000085d00000, 0x0000000085d00000, 0x0000000085e00000|  0%| F|  |TAMS 0x0000000085d00000, 0x0000000085d00000| Untracked 
|  58|0x0000000085e00000, 0x0000000085e00000, 0x0000000085f00000|  0%| F|  |TAMS 0x0000000085e00000, 0x0000000085e00000| Untracked 
|  59|0x0000000085f00000, 0x0000000085f00000, 0x0000000086000000|  0%| F|  |TAMS 0x0000000085f00000, 0x0000000085f00000| Untracked 
|  60|0x0000000086000000, 0x0000000086000000, 0x0000000086100000|  0%| F|  |TAMS 0x0000000086000000, 0x0000000086000000| Untracked 
|  61|0x0000000086100000, 0x0000000086100000, 0x0000000086200000|  0%| F|  |TAMS 0x0000000086100000, 0x0000000086100000| Untracked 
|  62|0x0000000086200000, 0x0000000086200000, 0x0000000086300000|  0%| F|  |TAMS 0x0000000086200000, 0x0000000086200000| Untracked 
|  63|0x0000000086300000, 0x0000000086300000, 0x0000000086400000|  0%| F|  |TAMS 0x0000000086300000, 0x0000000086300000| Untracked 
|  64|0x0000000086400000, 0x0000000086400000, 0x0000000086500000|  0%| F|  |TAMS 0x0000000086400000, 0x0000000086400000| Untracked 
|  65|0x0000000086500000, 0x0000000086500000, 0x0000000086600000|  0%| F|  |TAMS 0x0000000086500000, 0x0000000086500000| Untracked 
|  66|0x0000000086600000, 0x0000000086600000, 0x0000000086700000|  0%| F|  |TAMS 0x0000000086600000, 0x0000000086600000| Untracked 
|  67|0x0000000086700000, 0x0000000086700000, 0x0000000086800000|  0%| F|  |TAMS 0x0000000086700000, 0x0000000086700000| Untracked 
|  68|0x0000000086800000, 0x0000000086800000, 0x0000000086900000|  0%| F|  |TAMS 0x0000000086800000, 0x0000000086800000| Untracked 
|  69|0x0000000086900000, 0x0000000086900000, 0x0000000086a00000|  0%| F|  |TAMS 0x0000000086900000, 0x0000000086900000| Untracked 
|  70|0x0000000086a00000, 0x0000000086a00000, 0x0000000086b00000|  0%| F|  |TAMS 0x0000000086a00000, 0x0000000086a00000| Untracked 
|  71|0x0000000086b00000, 0x0000000086b00000, 0x0000000086c00000|  0%| F|  |TAMS 0x0000000086b00000, 0x0000000086b00000| Untracked 
|  72|0x0000000086c00000, 0x0000000086c00000, 0x0000000086d00000|  0%| F|  |TAMS 0x0000000086c00000, 0x0000000086c00000| Untracked 
|  73|0x0000000086d00000, 0x0000000086d00000, 0x0000000086e00000|  0%| F|  |TAMS 0x0000000086d00000, 0x0000000086d00000| Untracked 
|  74|0x0000000086e00000, 0x0000000086e00000, 0x0000000086f00000|  0%| F|  |TAMS 0x0000000086e00000, 0x0000000086e00000| Untracked 
|  75|0x0000000086f00000, 0x0000000086f00000, 0x0000000087000000|  0%| F|  |TAMS 0x0000000086f00000, 0x0000000086f00000| Untracked 
|  76|0x0000000087000000, 0x0000000087000000, 0x0000000087100000|  0%| F|  |TAMS 0x0000000087000000, 0x0000000087000000| Untracked 
|  77|0x0000000087100000, 0x0000000087100000, 0x0000000087200000|  0%| F|  |TAMS 0x0000000087100000, 0x0000000087100000| Untracked 
|  78|0x0000000087200000, 0x0000000087200000, 0x0000000087300000|  0%| F|  |TAMS 0x0000000087200000, 0x0000000087200000| Untracked 
|  79|0x0000000087300000, 0x0000000087300000, 0x0000000087400000|  0%| F|  |TAMS 0x0000000087300000, 0x0000000087300000| Untracked 
|  80|0x0000000087400000, 0x0000000087400000, 0x0000000087500000|  0%| F|  |TAMS 0x0000000087400000, 0x0000000087400000| Untracked 
|  81|0x0000000087500000, 0x0000000087500000, 0x0000000087600000|  0%| F|  |TAMS 0x0000000087500000, 0x0000000087500000| Untracked 
|  82|0x0000000087600000, 0x0000000087600000, 0x0000000087700000|  0%| F|  |TAMS 0x0000000087600000, 0x0000000087600000| Untracked 
|  83|0x0000000087700000, 0x0000000087700000, 0x0000000087800000|  0%| F|  |TAMS 0x0000000087700000, 0x0000000087700000| Untracked 
|  84|0x0000000087800000, 0x0000000087800000, 0x0000000087900000|  0%| F|  |TAMS 0x0000000087800000, 0x0000000087800000| Untracked 
|  85|0x0000000087900000, 0x0000000087900000, 0x0000000087a00000|  0%| F|  |TAMS 0x0000000087900000, 0x0000000087900000| Untracked 
|  86|0x0000000087a00000, 0x0000000087a00000, 0x0000000087b00000|  0%| F|  |TAMS 0x0000000087a00000, 0x0000000087a00000| Untracked 
|  87|0x0000000087b00000, 0x0000000087b00000, 0x0000000087c00000|  0%| F|  |TAMS 0x0000000087b00000, 0x0000000087b00000| Untracked 
|  88|0x0000000087c00000, 0x0000000087c00000, 0x0000000087d00000|  0%| F|  |TAMS 0x0000000087c00000, 0x0000000087c00000| Untracked 
|  89|0x0000000087d00000, 0x0000000087d00000, 0x0000000087e00000|  0%| F|  |TAMS 0x0000000087d00000, 0x0000000087d00000| Untracked 
|  90|0x0000000087e00000, 0x0000000087e00000, 0x0000000087f00000|  0%| F|  |TAMS 0x0000000087e00000, 0x0000000087e00000| Untracked 
|  91|0x0000000087f00000, 0x0000000087f00000, 0x0000000088000000|  0%| F|  |TAMS 0x0000000087f00000, 0x0000000087f00000| Untracked 
|  92|0x0000000088000000, 0x0000000088000000, 0x0000000088100000|  0%| F|  |TAMS 0x0000000088000000, 0x0000000088000000| Untracked 
|  93|0x0000000088100000, 0x0000000088100000, 0x0000000088200000|  0%| F|  |TAMS 0x0000000088100000, 0x0000000088100000| Untracked 
|  94|0x0000000088200000, 0x0000000088200000, 0x0000000088300000|  0%| F|  |TAMS 0x0000000088200000, 0x0000000088200000| Untracked 
|  95|0x0000000088300000, 0x0000000088300000, 0x0000000088400000|  0%| F|  |TAMS 0x0000000088300000, 0x0000000088300000| Untracked 
|  96|0x0000000088400000, 0x0000000088400000, 0x0000000088500000|  0%| F|  |TAMS 0x0000000088400000, 0x0000000088400000| Untracked 
|  97|0x0000000088500000, 0x0000000088500000, 0x0000000088600000|  0%| F|  |TAMS 0x0000000088500000, 0x0000000088500000| Untracked 
|  98|0x0000000088600000, 0x0000000088600000, 0x0000000088700000|  0%| F|  |TAMS 0x0000000088600000, 0x0000000088600000| Untracked 
|  99|0x0000000088700000, 0x0000000088700000, 0x0000000088800000|  0%| F|  |TAMS 0x0000000088700000, 0x0000000088700000| Untracked 
| 100|0x0000000088800000, 0x0000000088800000, 0x0000000088900000|  0%| F|  |TAMS 0x0000000088800000, 0x0000000088800000| Untracked 
| 101|0x0000000088900000, 0x0000000088900000, 0x0000000088a00000|  0%| F|  |TAMS 0x0000000088900000, 0x0000000088900000| Untracked 
| 102|0x0000000088a00000, 0x0000000088a00000, 0x0000000088b00000|  0%| F|  |TAMS 0x0000000088a00000, 0x0000000088a00000| Untracked 
| 103|0x0000000088b00000, 0x0000000088b00000, 0x0000000088c00000|  0%| F|  |TAMS 0x0000000088b00000, 0x0000000088b00000| Untracked 
| 104|0x0000000088c00000, 0x0000000088c00000, 0x0000000088d00000|  0%| F|  |TAMS 0x0000000088c00000, 0x0000000088c00000| Untracked 
| 105|0x0000000088d00000, 0x0000000088d00000, 0x0000000088e00000|  0%| F|  |TAMS 0x0000000088d00000, 0x0000000088d00000| Untracked 
| 106|0x0000000088e00000, 0x0000000088e00000, 0x0000000088f00000|  0%| F|  |TAMS 0x0000000088e00000, 0x0000000088e00000| Untracked 
| 107|0x0000000088f00000, 0x0000000088f00000, 0x0000000089000000|  0%| F|  |TAMS 0x0000000088f00000, 0x0000000088f00000| Untracked 
| 108|0x0000000089000000, 0x0000000089000000, 0x0000000089100000|  0%| F|  |TAMS 0x0000000089000000, 0x0000000089000000| Untracked 
| 109|0x0000000089100000, 0x0000000089100000, 0x0000000089200000|  0%| F|  |TAMS 0x0000000089100000, 0x0000000089100000| Untracked 
| 110|0x0000000089200000, 0x0000000089200000, 0x0000000089300000|  0%| F|  |TAMS 0x0000000089200000, 0x0000000089200000| Untracked 
| 111|0x0000000089300000, 0x0000000089300000, 0x0000000089400000|  0%| F|  |TAMS 0x0000000089300000, 0x0000000089300000| Untracked 
| 112|0x0000000089400000, 0x0000000089400000, 0x0000000089500000|  0%| F|  |TAMS 0x0000000089400000, 0x0000000089400000| Untracked 
| 113|0x0000000089500000, 0x0000000089500000, 0x0000000089600000|  0%| F|  |TAMS 0x0000000089500000, 0x0000000089500000| Untracked 
| 114|0x0000000089600000, 0x0000000089600000, 0x0000000089700000|  0%| F|  |TAMS 0x0000000089600000, 0x0000000089600000| Untracked 
| 115|0x0000000089700000, 0x0000000089700000, 0x0000000089800000|  0%| F|  |TAMS 0x0000000089700000, 0x0000000089700000| Untracked 
| 116|0x0000000089800000, 0x0000000089800000, 0x0000000089900000|  0%| F|  |TAMS 0x0000000089800000, 0x0000000089800000| Untracked 
| 117|0x0000000089900000, 0x0000000089900000, 0x0000000089a00000|  0%| F|  |TAMS 0x0000000089900000, 0x0000000089900000| Untracked 
| 118|0x0000000089a00000, 0x0000000089a00000, 0x0000000089b00000|  0%| F|  |TAMS 0x0000000089a00000, 0x0000000089a00000| Untracked 
| 119|0x0000000089b00000, 0x0000000089b00000, 0x0000000089c00000|  0%| F|  |TAMS 0x0000000089b00000, 0x0000000089b00000| Untracked 
| 120|0x0000000089c00000, 0x0000000089cec0d8, 0x0000000089d00000| 92%| E|  |TAMS 0x0000000089c00000, 0x0000000089c00000| Complete 
| 121|0x0000000089d00000, 0x0000000089e00000, 0x0000000089e00000|100%| E|CS|TAMS 0x0000000089d00000, 0x0000000089d00000| Complete 
| 122|0x0000000089e00000, 0x0000000089f00000, 0x0000000089f00000|100%| E|CS|TAMS 0x0000000089e00000, 0x0000000089e00000| Complete 
| 123|0x0000000089f00000, 0x000000008a000000, 0x000000008a000000|100%| E|CS|TAMS 0x0000000089f00000, 0x0000000089f00000| Complete 
| 124|0x000000008a000000, 0x000000008a100000, 0x000000008a100000|100%| E|  |TAMS 0x000000008a000000, 0x000000008a000000| Complete 
| 125|0x000000008a100000, 0x000000008a200000, 0x000000008a200000|100%| E|CS|TAMS 0x000000008a100000, 0x000000008a100000| Complete 

Card table byte_map: [0x0000025cfb390000,0x0000025cfb780000] _byte_map_base: 0x0000025cfaf7e000

Marking Bits (Prev, Next): (CMBitMap*) 0x0000025cf34338e0, (CMBitMap*) 0x0000025cf3433920
 Prev Bits: [0x0000025cfbb70000, 0x0000025cfdae0000)
 Next Bits: [0x0000025cfdae0000, 0x0000025cffa50000)

Polling page: 0x0000025cf1360000

Metaspace:

Usage:
  Non-class:     11.78 MB used.
      Class:      1.41 MB used.
       Both:     13.19 MB used.

Virtual space:
  Non-class space:       16.00 MB reserved,      11.88 MB ( 74%) committed,  2 nodes.
      Class space:        1.00 GB reserved,       1.50 MB ( <1%) committed,  1 nodes.
             Both:        1.02 GB reserved,      13.38 MB (  1%) committed. 

Chunk freelists:
   Non-Class:  3.99 MB
       Class:  2.56 MB
        Both:  6.55 MB

MaxMetaspaceSize: unlimited
CompressedClassSpaceSize: 1.00 GB
Initial GC threshold: 21.00 MB
Current GC threshold: 21.00 MB
CDS: off
MetaspaceReclaimPolicy: balanced
 - commit_granule_bytes: 65536.
 - commit_granule_words: 8192.
 - virtual_space_node_default_size: 1048576.
 - enlarge_chunks_in_place: 1.
 - new_chunks_are_fully_committed: 0.
 - uncommit_free_chunks: 1.
 - use_allocation_guard: 0.
 - handle_deallocations: 1.


Internal statistics:

num_allocs_failed_limit: 0.
num_arena_births: 94.
num_arena_deaths: 0.
num_vsnodes_births: 3.
num_vsnodes_deaths: 0.
num_space_committed: 214.
num_space_uncommitted: 0.
num_chunks_returned_to_freelist: 0.
num_chunks_taken_from_freelist: 141.
num_chunk_merges: 0.
num_chunk_splits: 76.
num_chunks_enlarged: 38.
num_purges: 0.
num_inconsistent_stats: 0.

CodeHeap 'non-profiled nmethods': size=120000Kb used=192Kb max_used=192Kb free=119808Kb
 bounds [0x0000025c87ad0000, 0x0000025c87d40000, 0x0000025c8f000000]
CodeHeap 'profiled nmethods': size=120000Kb used=1006Kb max_used=1006Kb free=118993Kb
 bounds [0x0000025c80000000, 0x0000025c80270000, 0x0000025c87530000]
CodeHeap 'non-nmethods': size=5760Kb used=1204Kb max_used=1219Kb free=4556Kb
 bounds [0x0000025c87530000, 0x0000025c877a0000, 0x0000025c87ad0000]
 total_blobs=1171 nmethods=662 adapters=422
 compilation: enabled
              stopped_count=0, restarted_count=0
 full_count=0

Compilation events (20 events):
Event: 1.150 Thread 0x0000025c92023e50  653       3       java.security.AccessController::executePrivileged (65 bytes)
Event: 1.151 Thread 0x0000025c92023e50 nmethod 653 0x0000025c800f7c10 code [0x0000025c800f7de0, 0x0000025c800f80d8]
Event: 1.151 Thread 0x0000025c92023e50  654       3       java.lang.Integer::hashCode (8 bytes)
Event: 1.151 Thread 0x0000025c92023e50 nmethod 654 0x0000025c800f8210 code [0x0000025c800f83a0, 0x0000025c800f84f8]
Event: 1.151 Thread 0x0000025c92023e50  655       3       java.lang.Integer::hashCode (2 bytes)
Event: 1.152 Thread 0x0000025c92023e50 nmethod 655 0x0000025c800f8590 code [0x0000025c800f8720, 0x0000025c800f8818]
Event: 1.152 Thread 0x0000025c92023e50  656       3       java.util.HashMap::containsKey (14 bytes)
Event: 1.152 Thread 0x0000025c9202c1a0 nmethod 596 0x0000025c87afe510 code [0x0000025c87afe6c0, 0x0000025c87afea18]
Event: 1.152 Thread 0x0000025c9202c1a0  629       4       java.util.HashMap::get (19 bytes)
Event: 1.152 Thread 0x0000025c92023e50 nmethod 656 0x0000025c800f8890 code [0x0000025c800f8a40, 0x0000025c800f8be8]
Event: 1.171 Thread 0x0000025c9202c1a0 nmethod 629 0x0000025c87aff010 code [0x0000025c87aff1c0, 0x0000025c87aff6f8]
Event: 1.171 Thread 0x0000025c92023e50  658       3       java.security.AccessControlContext::combine (205 bytes)
Event: 1.174 Thread 0x0000025c92023e50 nmethod 658 0x0000025c800f8c90 code [0x0000025c800f8ec0, 0x0000025c800f9a58]
Event: 1.178 Thread 0x0000025c92023e50  659       3       java.lang.StringBuilder::append (8 bytes)
Event: 1.178 Thread 0x0000025c92023e50 nmethod 659 0x0000025c800f9d90 code [0x0000025c800f9f20, 0x0000025c800fa068]
Event: 1.178 Thread 0x0000025c92023e50  660       3       java.lang.AbstractStringBuilder::append (55 bytes)
Event: 1.179 Thread 0x0000025c9202c1a0  662       4       jdk.internal.org.objectweb.asm.Symbol::<init> (38 bytes)
Event: 1.180 Thread 0x0000025c92023e50 nmethod 660 0x0000025c800fa110 code [0x0000025c800fa2e0, 0x0000025c800fa618]
Event: 1.180 Thread 0x0000025c92023e50  661       3       jdk.internal.org.objectweb.asm.MethodWriter::visitFieldInsn (258 bytes)
Event: 1.182 Thread 0x0000025c92023e50 nmethod 661 0x0000025c800fa790 code [0x0000025c800faa00, 0x0000025c800fb568]

GC Heap History (0 events):
No events

Deoptimization events (8 events):
Event: 0.265 Thread 0x0000025cf33dac00 Uncommon trap: trap_request=0xffffff45 fr.pc=0x0000025c87ad8978 relative=0x0000000000000078
Event: 0.265 Thread 0x0000025cf33dac00 Uncommon trap: reason=unstable_if action=reinterpret pc=0x0000025c87ad8978 method=java.lang.String.isLatin1()Z @ 10 c2
Event: 0.266 Thread 0x0000025cf33dac00 DEOPT PACKING pc=0x0000025c87ad8978 sp=0x000000b528dfee40
Event: 0.266 Thread 0x0000025cf33dac00 DEOPT UNPACKING pc=0x0000025c875823a3 sp=0x000000b528dfed80 mode 2
Event: 0.285 Thread 0x0000025cf33dac00 Uncommon trap: trap_request=0xffffff45 fr.pc=0x0000025c87adf438 relative=0x00000000000008d8
Event: 0.285 Thread 0x0000025cf33dac00 Uncommon trap: reason=unstable_if action=reinterpret pc=0x0000025c87adf438 method=java.util.HashMap.putVal(ILjava/lang/Object;Ljava/lang/Object;ZZ)Ljava/lang/Object; @ 81 c2
Event: 0.285 Thread 0x0000025cf33dac00 DEOPT PACKING pc=0x0000025c87adf438 sp=0x000000b528dfe3a0
Event: 0.285 Thread 0x0000025cf33dac00 DEOPT UNPACKING pc=0x0000025c875823a3 sp=0x000000b528dfe340 mode 2

Classes unloaded (0 events):
No events

Classes redefined (0 events):
No events

Internal exceptions (15 events):
Event: 0.233 Thread 0x0000025cf33dac00 Exception <a 'sun/nio/fs/WindowsException'{0x000000008a05a108}> (0x000000008a05a108) 
thrown [s\open\src\hotspot\share\prims\jni.cpp, line 516]
Event: 0.233 Thread 0x0000025cf33dac00 Exception <a 'sun/nio/fs/WindowsException'{0x000000008a05a638}> (0x000000008a05a638) 
thrown [s\open\src\hotspot\share\prims\jni.cpp, line 516]
Event: 0.236 Thread 0x0000025cf33dac00 Exception <a 'sun/nio/fs/WindowsException'{0x000000008a05c8f0}> (0x000000008a05c8f0) 
thrown [s\open\src\hotspot\share\prims\jni.cpp, line 516]
Event: 0.236 Thread 0x0000025cf33dac00 Exception <a 'sun/nio/fs/WindowsException'{0x000000008a05d380}> (0x000000008a05d380) 
thrown [s\open\src\hotspot\share\prims\jni.cpp, line 516]
Event: 0.337 Thread 0x0000025cf33dac00 Exception <a 'java/lang/ClassNotFoundException'{0x0000000089f29bd0}: sun/awt/resources/spi/awtProvider> (0x0000000089f29bd0) 
thrown [s\open\src\hotspot\share\classfile\systemDictionary.cpp, line 256]
Event: 0.411 Thread 0x0000025cf33dac00 Exception <a 'java/io/FileNotFoundException'{0x0000000089f7dab0}> (0x0000000089f7dab0) 
thrown [s\open\src\hotspot\share\prims\jni.cpp, line 516]
Event: 0.437 Thread 0x0000025cf33dac00 Exception <a 'java/io/FileNotFoundException'{0x0000000089faac30}> (0x0000000089faac30) 
thrown [s\open\src\hotspot\share\prims\jni.cpp, line 516]
Event: 0.569 Thread 0x0000025cf33dac00 Exception <a 'java/lang/NoSuchMethodError'{0x0000000089ff50c0}: 'java.lang.Object java.lang.invoke.DirectMethodHandle$Holder.invokeStaticInit(java.lang.Object)'> (0x0000000089ff50c0) 
thrown [s\open\src\hotspot\share\interpreter\linkResolver.cpp, line 759]
Event: 0.674 Thread 0x0000025cf33dac00 Exception <a 'java/lang/NoSuchMethodError'{0x0000000089e3ed98}: 'void java.lang.invoke.DirectMethodHandle$Holder.invokeSpecial(java.lang.Object, java.lang.Object, java.lang.Object)'> (0x0000000089e3ed98) 
thrown [s\open\src\hotspot\share\interpreter\linkResolver.cpp, line 759]
Event: 0.702 Thread 0x0000025cf33dac00 Exception <a 'java/lang/NoSuchMethodError'{0x0000000089e68d28}: 'java.lang.Object java.lang.invoke.DirectMethodHandle$Holder.newInvokeSpecial(java.lang.Object, java.lang.Object, java.lang.Object, java.lang.Object, java.lang.Object)'> (0x0000000089e68d28) 
thrown [s\open\src\hotspot\share\interpreter\linkResolver.cpp, line 759]
Event: 0.707 Thread 0x0000025cf33dac00 Exception <a 'java/lang/NoSuchMethodError'{0x0000000089e746f0}: 'java.lang.Object java.lang.invoke.DirectMethodHandle$Holder.invokeStatic(java.lang.Object, int, java.lang.Object, java.lang.Object, java.lang.Object, java.lang.Object)'> (0x0000000089e746f0) 
thrown [s\open\src\hotspot\share\interpreter\linkResolver.cpp, line 759]
Event: 0.725 Thread 0x0000025cf33dac00 Exception <a 'java/lang/NoSuchMethodError'{0x0000000089d10338}: 'java.lang.Object java.lang.invoke.DirectMethodHandle$Holder.invokeStatic(java.lang.Object, int, java.lang.Object)'> (0x0000000089d10338) 
thrown [s\open\src\hotspot\share\interpreter\linkResolver.cpp, line 759]
Event: 0.823 Thread 0x0000025cf33dac00 Exception <a 'java/lang/ClassNotFoundException'{0x0000000089dc8140}: com/sun/swing/internal/plaf/metal/resources/spi/metalProvider> (0x0000000089dc8140) 
thrown [s\open\src\hotspot\share\classfile\systemDictionary.cpp, line 256]
Event: 0.826 Thread 0x0000025cf33dac00 Exception <a 'java/lang/ClassNotFoundException'{0x0000000089dcbfe8}: com/sun/swing/internal/plaf/basic/resources/spi/basicProvider> (0x0000000089dcbfe8) 
thrown [s\open\src\hotspot\share\classfile\systemDictionary.cpp, line 256]
Event: 1.169 Thread 0x0000025c924d9230 Exception <a 'java/lang/NoSuchMethodError'{0x0000000089e85af8}: 'void java.lang.invoke.DirectMethodHandle$Holder.invokeVirtual(java.lang.Object, java.lang.Object)'> (0x0000000089e85af8) 
thrown [s\open\src\hotspot\share\interpreter\linkResolver.cpp, line 759]

VM Operations (4 events):
Event: 0.239 Executing VM operation: HandshakeAllThreads
Event: 0.239 Executing VM operation: HandshakeAllThreads done
Event: 0.868 Executing VM operation: HandshakeAllThreads
Event: 0.868 Executing VM operation: HandshakeAllThreads done

Events (20 events):
Event: 1.181 loading class sun/java2d/pipe/hw/BufferedContextProvider done
Event: 1.181 loading class sun/java2d/pipe/hw/AccelGraphicsConfig done
Event: 1.181 loading class sun/java2d/d3d/D3DGraphicsConfig done
Event: 1.181 loading class sun/java2d/windows/GDIWindowSurfaceData
Event: 1.181 loading class sun/java2d/windows/GDIWindowSurfaceData done
Event: 1.182 loading class sun/java2d/loops/XORComposite
Event: 1.182 loading class java/awt/Composite
Event: 1.182 loading class java/awt/Composite done
Event: 1.182 loading class sun/java2d/loops/XORComposite done
Event: 1.182 loading class sun/java2d/windows/GDIBlitLoops
Event: 1.182 loading class sun/java2d/loops/Blit
Event: 1.182 loading class sun/java2d/loops/GraphicsPrimitive
Event: 1.183 loading class sun/java2d/loops/GraphicsPrimitive done
Event: 1.183 loading class sun/java2d/loops/Blit done
Event: 1.183 loading class sun/java2d/windows/GDIBlitLoops done
Event: 1.183 loading class sun/java2d/loops/GraphicsPrimitiveMgr
Event: 1.184 loading class sun/java2d/loops/GraphicsPrimitiveMgr done
Event: 1.184 loading class sun/java2d/loops/CompositeType
Event: 1.184 loading class sun/java2d/loops/CompositeType done
Event: 1.184 loading class sun/java2d/SunGraphics2D


Dynamic libraries:
0x00007ff76ed50000 - 0x00007ff76ed60000 	C:\Program Files\Java\jdk-17\bin\java.exe
0x00007ffed24f0000 - 0x00007ffed2704000 	C:\WINDOWS\SYSTEM32\ntdll.dll
0x00007ffed0b20000 - 0x00007ffed0be2000 	C:\WINDOWS\System32\KERNEL32.DLL
0x00007ffecf930000 - 0x00007ffecfccc000 	C:\WINDOWS\System32\KERNELBASE.dll
0x00007ffecff90000 - 0x00007ffed00a1000 	C:\WINDOWS\System32\ucrtbase.dll
0x00007ffecc970000 - 0x00007ffecc98b000 	C:\Program Files\Java\jdk-17\bin\VCRUNTIME140.dll
0x00007ffeca9d0000 - 0x00007ffeca9e9000 	C:\Program Files\Java\jdk-17\bin\jli.dll
0x00007ffed1950000 - 0x00007ffed19fe000 	C:\WINDOWS\System32\ADVAPI32.dll
0x00007ffed0ca0000 - 0x00007ffed0d47000 	C:\WINDOWS\System32\msvcrt.dll
0x00007ffed0bf0000 - 0x00007ffed0c94000 	C:\WINDOWS\System32\sechost.dll
0x00007ffed22f0000 - 0x00007ffed2407000 	C:\WINDOWS\System32\RPCRT4.dll
0x00007ffed0f20000 - 0x00007ffed10cb000 	C:\WINDOWS\System32\USER32.dll
0x00007ffecfcd0000 - 0x00007ffecfcf6000 	C:\WINDOWS\System32\win32u.dll
0x00007ffeaf640000 - 0x00007ffeaf8ce000 	C:\WINDOWS\WinSxS\amd64_microsoft.windows.common-controls_6595b64144ccf1df_6.0.22621.608_none_a9444ca7c10bb01d\COMCTL32.dll
0x00007ffed0890000 - 0x00007ffed08b9000 	C:\WINDOWS\System32\GDI32.dll
0x00007ffed00b0000 - 0x00007ffed01c3000 	C:\WINDOWS\System32\gdi32full.dll
0x00007ffecfd80000 - 0x00007ffecfe1a000 	C:\WINDOWS\System32\msvcp_win.dll
0x00007ffec8600000 - 0x00007ffec860a000 	C:\WINDOWS\SYSTEM32\VERSION.dll
0x00007ffed1a60000 - 0x00007ffed1a91000 	C:\WINDOWS\System32\IMM32.DLL
0x00007ffecc920000 - 0x00007ffecc92c000 	C:\Program Files\Java\jdk-17\bin\vcruntime140_1.dll
0x00007ffe948e0000 - 0x00007ffe9496e000 	C:\Program Files\Java\jdk-17\bin\msvcp140.dll
0x00007ffe51540000 - 0x00007ffe5211d000 	C:\Program Files\Java\jdk-17\bin\server\jvm.dll
0x00007ffed0950000 - 0x00007ffed0958000 	C:\WINDOWS\System32\PSAPI.DLL
0x00007ffec7350000 - 0x00007ffec7384000 	C:\WINDOWS\SYSTEM32\WINMM.dll
0x00007ffec8750000 - 0x00007ffec8759000 	C:\WINDOWS\SYSTEM32\WSOCK32.dll
0x00007ffed2410000 - 0x00007ffed2481000 	C:\WINDOWS\System32\WS2_32.dll
0x00007ffece980000 - 0x00007ffece998000 	C:\WINDOWS\SYSTEM32\kernel.appcore.dll
0x00007ffec97b0000 - 0x00007ffec97ba000 	C:\Program Files\Java\jdk-17\bin\jimage.dll
0x00007ffecd290000 - 0x00007ffecd4be000 	C:\WINDOWS\SYSTEM32\DBGHELP.DLL
0x00007ffed15c0000 - 0x00007ffed1949000 	C:\WINDOWS\System32\combase.dll
0x00007ffed14e0000 - 0x00007ffed15b7000 	C:\WINDOWS\System32\OLEAUT32.dll
0x00007ffeb7d50000 - 0x00007ffeb7d82000 	C:\WINDOWS\SYSTEM32\dbgcore.DLL
0x00007ffecfd00000 - 0x00007ffecfd7b000 	C:\WINDOWS\System32\bcryptPrimitives.dll
0x00007ffec0af0000 - 0x00007ffec0b15000 	C:\Program Files\Java\jdk-17\bin\java.dll
0x00007ffeaf310000 - 0x00007ffeaf3e7000 	C:\Program Files\Java\jdk-17\bin\jsvml.dll
0x00007ffed1b00000 - 0x00007ffed22f0000 	C:\WINDOWS\System32\SHELL32.dll
0x00007ffecd940000 - 0x00007ffece20d000 	C:\WINDOWS\SYSTEM32\windows.storage.dll
0x00007ffecd800000 - 0x00007ffecd93e000 	C:\WINDOWS\SYSTEM32\wintypes.dll
0x00007ffed11b0000 - 0x00007ffed12a1000 	C:\WINDOWS\System32\SHCORE.dll
0x00007ffed0ec0000 - 0x00007ffed0f1e000 	C:\WINDOWS\System32\shlwapi.dll
0x00007ffecf860000 - 0x00007ffecf881000 	C:\WINDOWS\SYSTEM32\profapi.dll
0x00007ffeb5500000 - 0x00007ffeb5519000 	C:\Program Files\Java\jdk-17\bin\net.dll
0x00007ffec54a0000 - 0x00007ffec55d7000 	C:\WINDOWS\SYSTEM32\WINHTTP.dll
0x00007ffecedf0000 - 0x00007ffecee59000 	C:\WINDOWS\system32\mswsock.dll
0x00007ffeb54e0000 - 0x00007ffeb54f6000 	C:\Program Files\Java\jdk-17\bin\nio.dll
0x00007ffeb54c0000 - 0x00007ffeb54d8000 	C:\Program Files\Java\jdk-17\bin\zip.dll
0x00007ffe94d60000 - 0x00007ffe94ef1000 	C:\Program Files\Java\jdk-17\bin\awt.dll
0x00007ffecca10000 - 0x00007ffeccaa6000 	C:\WINDOWS\SYSTEM32\apphelp.dll
0x00007ffeccf00000 - 0x00007ffeccf2b000 	C:\WINDOWS\system32\DWMAPI.DLL
0x00007ffeccaf0000 - 0x00007ffeccb9b000 	C:\WINDOWS\system32\uxtheme.dll
0x00007ffea0310000 - 0x00007ffea0410000 	C:\WINDOWS\system32\opengl32.dll
0x00007ffea2090000 - 0x00007ffea20bd000 	C:\WINDOWS\SYSTEM32\GLU32.dll
0x00007ffeccbd0000 - 0x00007ffeccc06000 	C:\WINDOWS\SYSTEM32\dxcore.dll
0x00007ffed0da0000 - 0x00007ffed0ebe000 	C:\WINDOWS\System32\MSCTF.dll
0x00007ffed12b0000 - 0x00007ffed144c000 	C:\WINDOWS\System32\ole32.dll

dbghelp: loaded successfully - version: 4.0.5 - missing functions: none
symbol engine: initialized successfully - sym options: 0x614 - pdb path: .;C:\Program Files\Java\jdk-17\bin;C:\WINDOWS\SYSTEM32;C:\WINDOWS\WinSxS\amd64_microsoft.windows.common-controls_6595b64144ccf1df_6.0.22621.608_none_a9444ca7c10bb01d;C:\Program Files\Java\jdk-17\bin\server

VM Arguments:
jvm_args: -Dfile.encoding=UTF-8 --module-path=C:\Users\dell\OneDrive\Documents\NetBeansProjects\atm\build\classes 
java_command: atm.signuptwo
java_class_path (initial): C:\Users\dell\Downloads\mysql-connector-java-8.0.28.jar;C:\Users\dell\OneDrive\Documents\NetBeansProjects\atm\build\classes
Launcher Type: SUN_STANDARD

[Global flags]
     intx CICompilerCount                          = 4                                         {product} {ergonomic}
     uint ConcGCThreads                            = 2                                         {product} {ergonomic}
     uint G1ConcRefinementThreads                  = 8                                         {product} {ergonomic}
   size_t G1HeapRegionSize                         = 1048576                                   {product} {ergonomic}
    uintx GCDrainStackTargetSize                   = 64                                        {product} {ergonomic}
   size_t InitialHeapSize                          = 132120576                                 {product} {ergonomic}
   size_t MarkStackSize                            = 4194304                                   {product} {ergonomic}
   size_t MaxHeapSize                              = 2109734912                                {product} {ergonomic}
   size_t MaxNewSize                               = 1265631232                                {product} {ergonomic}
   size_t MinHeapDeltaBytes                        = 1048576                                   {product} {ergonomic}
   size_t MinHeapSize                              = 8388608                                   {product} {ergonomic}
    uintx NonNMethodCodeHeapSize                   = 5839372                                {pd product} {ergonomic}
    uintx NonProfiledCodeHeapSize                  = 122909434                              {pd product} {ergonomic}
    uintx ProfiledCodeHeapSize                     = 122909434                              {pd product} {ergonomic}
    uintx ReservedCodeCacheSize                    = 251658240                              {pd product} {ergonomic}
     bool SegmentedCodeCache                       = true                                      {product} {ergonomic}
   size_t SoftMaxHeapSize                          = 2109734912                             {manageable} {ergonomic}
     bool UseCompressedClassPointers               = true                           {product lp64_product} {ergonomic}
     bool UseCompressedOops                        = true                           {product lp64_product} {ergonomic}
     bool UseG1GC                                  = true                                      {product} {ergonomic}
     bool UseLargePagesIndividualAllocation        = false                                  {pd product} {ergonomic}

Logging:
Log output configuration:
 #0: stdout all=warning uptime,level,tags
 #1: stderr all=off uptime,level,tags

Environment Variables:
JAVA_HOME=C:\Program Files\Java\jdk-19
PATH=C:\Python310\Scripts\;C:\Python310\;C:\Program Files\Common Files\Oracle\Java\javapath;C:\ProgramData\Oracle\Java\javapath;C:\WINDOWS\system32;C:\WINDOWS;C:\WINDOWS\System32\Wbem;C:\WINDOWS\System32\WindowsPowerShell\v1.0\;C:\WINDOWS\System32\OpenSSH\;C:\Program Files\PuTTY\;C:\Program Files\dotnet\;C:\Program Files\nodejs\;C:\ProgramData\chocolatey\bin;C:\Program Files\Git\cmd;C:\Program Files\Java\jdk-19bin;C:\Program Files (x86)\Microsoft SQL Server\160\Tools\Binn\;C:\Program Files\Microsoft SQL Server\160\Tools\Binn\;C:\Program Files\Microsoft SQL Server\Client SDK\ODBC\170\Tools\Binn\;C:\Program Files\Microsoft SQL Server\160\DTS\Binn\;C:\Program Files\MySQL\MySQL Shell 8.0\bin\;C:\Users\dell\AppData\Local\Programs\Python\Python39\Scripts\;C:\Users\dell\AppData\Local\Programs\Python\Python39\;C:\Users\dell\AppData\Local\Microsoft\WindowsApps;C:\Program Files\JetBrains\IntelliJ IDEA Community Edition 2021.2.3\bin;;C:\Users\dell\AppData\Local\Programs\Microsoft VS Code\bin;C:\Users\dell\AppData\Roaming\npm;C:\src\flutter\bin;C:\Program Files\Java\jdk-17\bin;
USERNAME=dell
OS=Windows_NT
PROCESSOR_IDENTIFIER=Intel64 Family 6 Model 142 Stepping 12, GenuineIntel



---------------  S Y S T E M  ---------------

OS:
 Windows 11 , 64 bit Build 22621 (10.0.22621.1485)
OS uptime: 2 days 19:50 hours

CPU: total 8 (initial active 8) (4 cores per cpu, 2 threads per core) family 6 model 142 stepping 12 microcode 0xf0, cx8, cmov, fxsr, ht, mmx, 3dnowpref, sse, sse2, sse3, ssse3, sse4.1, sse4.2, popcnt, lzcnt, tsc, tscinvbit, avx, avx2, aes, erms, clmul, bmi1, bmi2, adx, fma, vzeroupper, clflush, clflushopt

Memory: 4k page, system-wide physical 8040M (432M free)
TotalPageFile size 32616M (AvailPageFile size 4M)
current process WorkingSet (physical memory assigned to process): 50M, peak: 50M
current process commit charge ("private bytes"): 216M, peak: 216M

vm_info: Java HotSpot(TM) 64-Bit Server VM (17.0.7+8-LTS-224) for windows-amd64 JRE (17.0.7+8-LTS-224), built on Feb 28 2023 23:03:02 by "mach5one" with MS VC++ 17.1 (VS2022)

END.
