#
# There is insufficient memory for the Java Runtime Environment to continue.
# Native memory allocation (malloc) failed to allocate 32744 bytes for ChunkPool::allocate
# Possible reasons:
#   The system is out of physical RAM or swap space
#   The process is running with CompressedOops enabled, and the Java Heap may be blocking the growth of the native heap
# Possible solutions:
#   Reduce memory load on the system
#   Increase physical memory or swap space
#   Check if swap backing store is full
#   Decrease Java heap size (-Xmx/-Xms)
#   Decrease number of Java threads
#   Decrease Java thread stack sizes (-Xss)
#   Set larger code cache with -XX:ReservedCodeCacheSize=
#   JVM is running with Unscaled Compressed Oops mode in which the Java heap is
#     placed in the first 4GB address space. The Java Heap base address is the
#     maximum limit for the native heap growth. Please use -XX:HeapBaseMinAddress
#     to set the Java Heap base and to place the Java Heap above 4GB virtual address.
# This output file may be truncated or incomplete.
#
#  Out of Memory Error (arena.cpp:78), pid=28256, tid=27212
#
# JRE version: Java(TM) SE Runtime Environment (17.0.7+8) (build 17.0.7+8-LTS-224)
# Java VM: Java HotSpot(TM) 64-Bit Server VM (17.0.7+8-LTS-224, mixed mode, tiered, compressed oops, compressed class ptrs, g1 gc, windows-amd64)
# No core dump will be written. Minidumps are not enabled by default on client versions of Windows
#

---------------  S U M M A R Y ------------

Command Line: -Dfile.encoding=UTF-8 --module-path=C:\Users\dell\OneDrive\Documents\NetBeansProjects\atm\build\classes atm.Transactions

Host: Intel(R) Core(TM) i5-10210U CPU @ 1.60GHz, 8 cores, 7G,  Windows 11 , 64 bit Build 22621 (10.0.22621.1485)
Time: Thu Apr 27 21:25:32 2023 India Standard Time elapsed time: 0.267048 seconds (0d 0h 0m 0s)

---------------  T H R E A D  ---------------

Current thread (0x000001de1b024fc0):  JavaThread "C1 CompilerThread0" daemon [_thread_in_native, id=27212, stack(0x0000002a98a00000,0x0000002a98b00000)]


Current CompileTask:
C1:    267  204   !   3       java.util.zip.ZipFile$Source::checkAndAddEntry (209 bytes)

Stack: [0x0000002a98a00000,0x0000002a98b00000]
Native frames: (J=compiled Java code, j=interpreted, Vv=VM code, C=native code)
V  [jvm.dll+0x676a4a]
V  [jvm.dll+0x7d74f4]
V  [jvm.dll+0x7d8c9e]
V  [jvm.dll+0x7d9303]
V  [jvm.dll+0x2452c5]
V  [jvm.dll+0xaac80]
V  [jvm.dll+0xaafcc]
V  [jvm.dll+0x16a260]
V  [jvm.dll+0x168ffc]
V  [jvm.dll+0x162ff2]
V  [jvm.dll+0x15d47e]
V  [jvm.dll+0x14b6c0]
V  [jvm.dll+0x134817]
V  [jvm.dll+0x1341af]
V  [jvm.dll+0x1343e8]
V  [jvm.dll+0x133881]
V  [jvm.dll+0x13552d]
V  [jvm.dll+0x226a6e]
V  [jvm.dll+0x224e15]
V  [jvm.dll+0x78d05c]
V  [jvm.dll+0x78759a]
V  [jvm.dll+0x675875]
C  [ucrtbase.dll+0x29363]
C  [KERNEL32.DLL+0x1269d]
C  [ntdll.dll+0x5a9f8]


---------------  P R O C E S S  ---------------

Threads class SMR info:
_java_thread_list=0x000001de1b27e500, length=12, elements={
0x000001de7b929300, 0x000001de7f2ef7e0, 0x000001de1b013410, 0x000001de7f2fc040,
0x000001de7f2fd910, 0x000001de1b0227f0, 0x000001de1b0236c0, 0x000001de1b0246c0,
0x000001de1b024fc0, 0x000001de1b051220, 0x000001de7f25d580, 0x000001de1b2a6860
}

Java Threads: ( => current thread )
  0x000001de7b929300 JavaThread "main" [_thread_in_vm, id=29312, stack(0x0000002a97c00000,0x0000002a97d00000)]
  0x000001de7f2ef7e0 JavaThread "Reference Handler" daemon [_thread_blocked, id=29516, stack(0x0000002a98300000,0x0000002a98400000)]
  0x000001de1b013410 JavaThread "Finalizer" daemon [_thread_blocked, id=18368, stack(0x0000002a98400000,0x0000002a98500000)]
  0x000001de7f2fc040 JavaThread "Signal Dispatcher" daemon [_thread_blocked, id=19108, stack(0x0000002a98500000,0x0000002a98600000)]
  0x000001de7f2fd910 JavaThread "Attach Listener" daemon [_thread_blocked, id=20676, stack(0x0000002a98600000,0x0000002a98700000)]
  0x000001de1b0227f0 JavaThread "Service Thread" daemon [_thread_blocked, id=30556, stack(0x0000002a98700000,0x0000002a98800000)]
  0x000001de1b0236c0 JavaThread "Monitor Deflation Thread" daemon [_thread_blocked, id=22384, stack(0x0000002a98800000,0x0000002a98900000)]
  0x000001de1b0246c0 JavaThread "C2 CompilerThread0" daemon [_thread_in_native, id=29932, stack(0x0000002a98900000,0x0000002a98a00000)]
=>0x000001de1b024fc0 JavaThread "C1 CompilerThread0" daemon [_thread_in_native, id=27212, stack(0x0000002a98a00000,0x0000002a98b00000)]
  0x000001de1b051220 JavaThread "Sweeper thread" daemon [_thread_blocked, id=10180, stack(0x0000002a98b00000,0x0000002a98c00000)]
  0x000001de7f25d580 JavaThread "Common-Cleaner" daemon [_thread_blocked, id=12896, stack(0x0000002a98c00000,0x0000002a98d00000)]
  0x000001de1b2a6860 JavaThread "Notification Thread" daemon [_thread_blocked, id=27088, stack(0x0000002a98d00000,0x0000002a98e00000)]

Other Threads:
  0x000001de7f2edc40 VMThread "VM Thread" [stack: 0x0000002a98200000,0x0000002a98300000] [id=27628]
  0x000001de7b9ad910 WatcherThread [stack: 0x0000002a98e00000,0x0000002a98f00000] [id=11748]
  0x000001de7b984550 GCTaskThread "GC Thread#0" [stack: 0x0000002a97d00000,0x0000002a97e00000] [id=13744]
  0x000001de7b995010 ConcurrentGCThread "G1 Main Marker" [stack: 0x0000002a97e00000,0x0000002a97f00000] [id=28788]
  0x000001de7b995b80 ConcurrentGCThread "G1 Conc#0" [stack: 0x0000002a97f00000,0x0000002a98000000] [id=30316]
  0x000001de7f1324c0 ConcurrentGCThread "G1 Refine#0" [stack: 0x0000002a98000000,0x0000002a98100000] [id=23796]
  0x000001de7b9f3f60 ConcurrentGCThread "G1 Service" [stack: 0x0000002a98100000,0x0000002a98200000] [id=29460]

Threads with active compile tasks:
C2 CompilerThread0      303  176       4       java.util.HashMap::putVal (300 bytes)
C1 CompilerThread0      303  204   !   3       java.util.zip.ZipFile$Source::checkAndAddEntry (209 bytes)

VM state: not at safepoint (normal execution)

VM Mutex/Monitor currently owned by a thread:  ([mutex/lock_event])
[0x000001de7b923740] Metaspace_lock - owner thread: 0x000001de7b929300

Heap address: 0x0000000082400000, size: 2012 MB, Compressed Oops mode: 32-bit

CDS archive(s) not mapped
Compressed class space mapped at: 0x0000000100000000-0x0000000140000000, reserved size: 1073741824
Narrow klass base: 0x0000000000000000, Narrow klass shift: 3, Narrow klass range: 0x140000000

GC Precious Log:
 CPUs: 8 total, 8 available
 Memory: 8040M
 Large Page Support: Disabled
 NUMA Support: Disabled
 Compressed Oops: Enabled (32-bit)
 Heap Region Size: 1M
 Heap Min Capacity: 8M
 Heap Initial Capacity: 126M
 Heap Max Capacity: 2012M
 Pre-touch: Disabled
 Parallel Workers: 8
 Concurrent Workers: 2
 Concurrent Refinement Workers: 8
 Periodic GC: Disabled

Heap:
 garbage-first heap   total 129024K, used 1024K [0x0000000082400000, 0x0000000100000000)
  region size 1024K, 3 young (3072K), 0 survivors (0K)
 Metaspace       used 6226K, committed 6336K, reserved 1056768K
  class space    used 529K, committed 576K, reserved 1048576K

Heap Regions: E=young(eden), S=young(survivor), O=old, HS=humongous(starts), HC=humongous(continues), CS=collection set, F=free, OA=open archive, CA=closed archive, TAMS=top-at-mark-start (previous, next)
|   0|0x0000000082400000, 0x0000000082400000, 0x0000000082500000|  0%| F|  |TAMS 0x0000000082400000, 0x0000000082400000| Untracked 
|   1|0x0000000082500000, 0x0000000082500000, 0x0000000082600000|  0%| F|  |TAMS 0x0000000082500000, 0x0000000082500000| Untracked 
|   2|0x0000000082600000, 0x0000000082600000, 0x0000000082700000|  0%| F|  |TAMS 0x0000000082600000, 0x0000000082600000| Untracked 
|   3|0x0000000082700000, 0x0000000082700000, 0x0000000082800000|  0%| F|  |TAMS 0x0000000082700000, 0x0000000082700000| Untracked 
|   4|0x0000000082800000, 0x0000000082800000, 0x0000000082900000|  0%| F|  |TAMS 0x0000000082800000, 0x0000000082800000| Untracked 
|   5|0x0000000082900000, 0x0000000082900000, 0x0000000082a00000|  0%| F|  |TAMS 0x0000000082900000, 0x0000000082900000| Untracked 
|   6|0x0000000082a00000, 0x0000000082a00000, 0x0000000082b00000|  0%| F|  |TAMS 0x0000000082a00000, 0x0000000082a00000| Untracked 
|   7|0x0000000082b00000, 0x0000000082b00000, 0x0000000082c00000|  0%| F|  |TAMS 0x0000000082b00000, 0x0000000082b00000| Untracked 
|   8|0x0000000082c00000, 0x0000000082c00000, 0x0000000082d00000|  0%| F|  |TAMS 0x0000000082c00000, 0x0000000082c00000| Untracked 
|   9|0x0000000082d00000, 0x0000000082d00000, 0x0000000082e00000|  0%| F|  |TAMS 0x0000000082d00000, 0x0000000082d00000| Untracked 
|  10|0x0000000082e00000, 0x0000000082e00000, 0x0000000082f00000|  0%| F|  |TAMS 0x0000000082e00000, 0x0000000082e00000| Untracked 
|  11|0x0000000082f00000, 0x0000000082f00000, 0x0000000083000000|  0%| F|  |TAMS 0x0000000082f00000, 0x0000000082f00000| Untracked 
|  12|0x0000000083000000, 0x0000000083000000, 0x0000000083100000|  0%| F|  |TAMS 0x0000000083000000, 0x0000000083000000| Untracked 
|  13|0x0000000083100000, 0x0000000083100000, 0x0000000083200000|  0%| F|  |TAMS 0x0000000083100000, 0x0000000083100000| Untracked 
|  14|0x0000000083200000, 0x0000000083200000, 0x0000000083300000|  0%| F|  |TAMS 0x0000000083200000, 0x0000000083200000| Untracked 
|  15|0x0000000083300000, 0x0000000083300000, 0x0000000083400000|  0%| F|  |TAMS 0x0000000083300000, 0x0000000083300000| Untracked 
|  16|0x0000000083400000, 0x0000000083400000, 0x0000000083500000|  0%| F|  |TAMS 0x0000000083400000, 0x0000000083400000| Untracked 
|  17|0x0000000083500000, 0x0000000083500000, 0x0000000083600000|  0%| F|  |TAMS 0x0000000083500000, 0x0000000083500000| Untracked 
|  18|0x0000000083600000, 0x0000000083600000, 0x0000000083700000|  0%| F|  |TAMS 0x0000000083600000, 0x0000000083600000| Untracked 
|  19|0x0000000083700000, 0x0000000083700000, 0x0000000083800000|  0%| F|  |TAMS 0x0000000083700000, 0x0000000083700000| Untracked 
|  20|0x0000000083800000, 0x0000000083800000, 0x0000000083900000|  0%| F|  |TAMS 0x0000000083800000, 0x0000000083800000| Untracked 
|  21|0x0000000083900000, 0x0000000083900000, 0x0000000083a00000|  0%| F|  |TAMS 0x0000000083900000, 0x0000000083900000| Untracked 
|  22|0x0000000083a00000, 0x0000000083a00000, 0x0000000083b00000|  0%| F|  |TAMS 0x0000000083a00000, 0x0000000083a00000| Untracked 
|  23|0x0000000083b00000, 0x0000000083b00000, 0x0000000083c00000|  0%| F|  |TAMS 0x0000000083b00000, 0x0000000083b00000| Untracked 
|  24|0x0000000083c00000, 0x0000000083c00000, 0x0000000083d00000|  0%| F|  |TAMS 0x0000000083c00000, 0x0000000083c00000| Untracked 
|  25|0x0000000083d00000, 0x0000000083d00000, 0x0000000083e00000|  0%| F|  |TAMS 0x0000000083d00000, 0x0000000083d00000| Untracked 
|  26|0x0000000083e00000, 0x0000000083e00000, 0x0000000083f00000|  0%| F|  |TAMS 0x0000000083e00000, 0x0000000083e00000| Untracked 
|  27|0x0000000083f00000, 0x0000000083f00000, 0x0000000084000000|  0%| F|  |TAMS 0x0000000083f00000, 0x0000000083f00000| Untracked 
|  28|0x0000000084000000, 0x0000000084000000, 0x0000000084100000|  0%| F|  |TAMS 0x0000000084000000, 0x0000000084000000| Untracked 
|  29|0x0000000084100000, 0x0000000084100000, 0x0000000084200000|  0%| F|  |TAMS 0x0000000084100000, 0x0000000084100000| Untracked 
|  30|0x0000000084200000, 0x0000000084200000, 0x0000000084300000|  0%| F|  |TAMS 0x0000000084200000, 0x0000000084200000| Untracked 
|  31|0x0000000084300000, 0x0000000084300000, 0x0000000084400000|  0%| F|  |TAMS 0x0000000084300000, 0x0000000084300000| Untracked 
|  32|0x0000000084400000, 0x0000000084400000, 0x0000000084500000|  0%| F|  |TAMS 0x0000000084400000, 0x0000000084400000| Untracked 
|  33|0x0000000084500000, 0x0000000084500000, 0x0000000084600000|  0%| F|  |TAMS 0x0000000084500000, 0x0000000084500000| Untracked 
|  34|0x0000000084600000, 0x0000000084600000, 0x0000000084700000|  0%| F|  |TAMS 0x0000000084600000, 0x0000000084600000| Untracked 
|  35|0x0000000084700000, 0x0000000084700000, 0x0000000084800000|  0%| F|  |TAMS 0x0000000084700000, 0x0000000084700000| Untracked 
|  36|0x0000000084800000, 0x0000000084800000, 0x0000000084900000|  0%| F|  |TAMS 0x0000000084800000, 0x0000000084800000| Untracked 
|  37|0x0000000084900000, 0x0000000084900000, 0x0000000084a00000|  0%| F|  |TAMS 0x0000000084900000, 0x0000000084900000| Untracked 
|  38|0x0000000084a00000, 0x0000000084a00000, 0x0000000084b00000|  0%| F|  |TAMS 0x0000000084a00000, 0x0000000084a00000| Untracked 
|  39|0x0000000084b00000, 0x0000000084b00000, 0x0000000084c00000|  0%| F|  |TAMS 0x0000000084b00000, 0x0000000084b00000| Untracked 
|  40|0x0000000084c00000, 0x0000000084c00000, 0x0000000084d00000|  0%| F|  |TAMS 0x0000000084c00000, 0x0000000084c00000| Untracked 
|  41|0x0000000084d00000, 0x0000000084d00000, 0x0000000084e00000|  0%| F|  |TAMS 0x0000000084d00000, 0x0000000084d00000| Untracked 
|  42|0x0000000084e00000, 0x0000000084e00000, 0x0000000084f00000|  0%| F|  |TAMS 0x0000000084e00000, 0x0000000084e00000| Untracked 
|  43|0x0000000084f00000, 0x0000000084f00000, 0x0000000085000000|  0%| F|  |TAMS 0x0000000084f00000, 0x0000000084f00000| Untracked 
|  44|0x0000000085000000, 0x0000000085000000, 0x0000000085100000|  0%| F|  |TAMS 0x0000000085000000, 0x0000000085000000| Untracked 
|  45|0x0000000085100000, 0x0000000085100000, 0x0000000085200000|  0%| F|  |TAMS 0x0000000085100000, 0x0000000085100000| Untracked 
|  46|0x0000000085200000, 0x0000000085200000, 0x0000000085300000|  0%| F|  |TAMS 0x0000000085200000, 0x0000000085200000| Untracked 
|  47|0x0000000085300000, 0x0000000085300000, 0x0000000085400000|  0%| F|  |TAMS 0x0000000085300000, 0x0000000085300000| Untracked 
|  48|0x0000000085400000, 0x0000000085400000, 0x0000000085500000|  0%| F|  |TAMS 0x0000000085400000, 0x0000000085400000| Untracked 
|  49|0x0000000085500000, 0x0000000085500000, 0x0000000085600000|  0%| F|  |TAMS 0x0000000085500000, 0x0000000085500000| Untracked 
|  50|0x0000000085600000, 0x0000000085600000, 0x0000000085700000|  0%| F|  |TAMS 0x0000000085600000, 0x0000000085600000| Untracked 
|  51|0x0000000085700000, 0x0000000085700000, 0x0000000085800000|  0%| F|  |TAMS 0x0000000085700000, 0x0000000085700000| Untracked 
|  52|0x0000000085800000, 0x0000000085800000, 0x0000000085900000|  0%| F|  |TAMS 0x0000000085800000, 0x0000000085800000| Untracked 
|  53|0x0000000085900000, 0x0000000085900000, 0x0000000085a00000|  0%| F|  |TAMS 0x0000000085900000, 0x0000000085900000| Untracked 
|  54|0x0000000085a00000, 0x0000000085a00000, 0x0000000085b00000|  0%| F|  |TAMS 0x0000000085a00000, 0x0000000085a00000| Untracked 
|  55|0x0000000085b00000, 0x0000000085b00000, 0x0000000085c00000|  0%| F|  |TAMS 0x0000000085b00000, 0x0000000085b00000| Untracked 
|  56|0x0000000085c00000, 0x0000000085c00000, 0x0000000085d00000|  0%| F|  |TAMS 0x0000000085c00000, 0x0000000085c00000| Untracked 
|  57|0x0000000085d00000, 0x0000000085d00000, 0x0000000085e00000|  0%| F|  |TAMS 0x0000000085d00000, 0x0000000085d00000| Untracked 
|  58|0x0000000085e00000, 0x0000000085e00000, 0x0000000085f00000|  0%| F|  |TAMS 0x0000000085e00000, 0x0000000085e00000| Untracked 
|  59|0x0000000085f00000, 0x0000000085f00000, 0x0000000086000000|  0%| F|  |TAMS 0x0000000085f00000, 0x0000000085f00000| Untracked 
|  60|0x0000000086000000, 0x0000000086000000, 0x0000000086100000|  0%| F|  |TAMS 0x0000000086000000, 0x0000000086000000| Untracked 
|  61|0x0000000086100000, 0x0000000086100000, 0x0000000086200000|  0%| F|  |TAMS 0x0000000086100000, 0x0000000086100000| Untracked 
|  62|0x0000000086200000, 0x0000000086200000, 0x0000000086300000|  0%| F|  |TAMS 0x0000000086200000, 0x0000000086200000| Untracked 
|  63|0x0000000086300000, 0x0000000086300000, 0x0000000086400000|  0%| F|  |TAMS 0x0000000086300000, 0x0000000086300000| Untracked 
|  64|0x0000000086400000, 0x0000000086400000, 0x0000000086500000|  0%| F|  |TAMS 0x0000000086400000, 0x0000000086400000| Untracked 
|  65|0x0000000086500000, 0x0000000086500000, 0x0000000086600000|  0%| F|  |TAMS 0x0000000086500000, 0x0000000086500000| Untracked 
|  66|0x0000000086600000, 0x0000000086600000, 0x0000000086700000|  0%| F|  |TAMS 0x0000000086600000, 0x0000000086600000| Untracked 
|  67|0x0000000086700000, 0x0000000086700000, 0x0000000086800000|  0%| F|  |TAMS 0x0000000086700000, 0x0000000086700000| Untracked 
|  68|0x0000000086800000, 0x0000000086800000, 0x0000000086900000|  0%| F|  |TAMS 0x0000000086800000, 0x0000000086800000| Untracked 
|  69|0x0000000086900000, 0x0000000086900000, 0x0000000086a00000|  0%| F|  |TAMS 0x0000000086900000, 0x0000000086900000| Untracked 
|  70|0x0000000086a00000, 0x0000000086a00000, 0x0000000086b00000|  0%| F|  |TAMS 0x0000000086a00000, 0x0000000086a00000| Untracked 
|  71|0x0000000086b00000, 0x0000000086b00000, 0x0000000086c00000|  0%| F|  |TAMS 0x0000000086b00000, 0x0000000086b00000| Untracked 
|  72|0x0000000086c00000, 0x0000000086c00000, 0x0000000086d00000|  0%| F|  |TAMS 0x0000000086c00000, 0x0000000086c00000| Untracked 
|  73|0x0000000086d00000, 0x0000000086d00000, 0x0000000086e00000|  0%| F|  |TAMS 0x0000000086d00000, 0x0000000086d00000| Untracked 
|  74|0x0000000086e00000, 0x0000000086e00000, 0x0000000086f00000|  0%| F|  |TAMS 0x0000000086e00000, 0x0000000086e00000| Untracked 
|  75|0x0000000086f00000, 0x0000000086f00000, 0x0000000087000000|  0%| F|  |TAMS 0x0000000086f00000, 0x0000000086f00000| Untracked 
|  76|0x0000000087000000, 0x0000000087000000, 0x0000000087100000|  0%| F|  |TAMS 0x0000000087000000, 0x0000000087000000| Untracked 
|  77|0x0000000087100000, 0x0000000087100000, 0x0000000087200000|  0%| F|  |TAMS 0x0000000087100000, 0x0000000087100000| Untracked 
|  78|0x0000000087200000, 0x0000000087200000, 0x0000000087300000|  0%| F|  |TAMS 0x0000000087200000, 0x0000000087200000| Untracked 
|  79|0x0000000087300000, 0x0000000087300000, 0x0000000087400000|  0%| F|  |TAMS 0x0000000087300000, 0x0000000087300000| Untracked 
|  80|0x0000000087400000, 0x0000000087400000, 0x0000000087500000|  0%| F|  |TAMS 0x0000000087400000, 0x0000000087400000| Untracked 
|  81|0x0000000087500000, 0x0000000087500000, 0x0000000087600000|  0%| F|  |TAMS 0x0000000087500000, 0x0000000087500000| Untracked 
|  82|0x0000000087600000, 0x0000000087600000, 0x0000000087700000|  0%| F|  |TAMS 0x0000000087600000, 0x0000000087600000| Untracked 
|  83|0x0000000087700000, 0x0000000087700000, 0x0000000087800000|  0%| F|  |TAMS 0x0000000087700000, 0x0000000087700000| Untracked 
|  84|0x0000000087800000, 0x0000000087800000, 0x0000000087900000|  0%| F|  |TAMS 0x0000000087800000, 0x0000000087800000| Untracked 
|  85|0x0000000087900000, 0x0000000087900000, 0x0000000087a00000|  0%| F|  |TAMS 0x0000000087900000, 0x0000000087900000| Untracked 
|  86|0x0000000087a00000, 0x0000000087a00000, 0x0000000087b00000|  0%| F|  |TAMS 0x0000000087a00000, 0x0000000087a00000| Untracked 
|  87|0x0000000087b00000, 0x0000000087b00000, 0x0000000087c00000|  0%| F|  |TAMS 0x0000000087b00000, 0x0000000087b00000| Untracked 
|  88|0x0000000087c00000, 0x0000000087c00000, 0x0000000087d00000|  0%| F|  |TAMS 0x0000000087c00000, 0x0000000087c00000| Untracked 
|  89|0x0000000087d00000, 0x0000000087d00000, 0x0000000087e00000|  0%| F|  |TAMS 0x0000000087d00000, 0x0000000087d00000| Untracked 
|  90|0x0000000087e00000, 0x0000000087e00000, 0x0000000087f00000|  0%| F|  |TAMS 0x0000000087e00000, 0x0000000087e00000| Untracked 
|  91|0x0000000087f00000, 0x0000000087f00000, 0x0000000088000000|  0%| F|  |TAMS 0x0000000087f00000, 0x0000000087f00000| Untracked 
|  92|0x0000000088000000, 0x0000000088000000, 0x0000000088100000|  0%| F|  |TAMS 0x0000000088000000, 0x0000000088000000| Untracked 
|  93|0x0000000088100000, 0x0000000088100000, 0x0000000088200000|  0%| F|  |TAMS 0x0000000088100000, 0x0000000088100000| Untracked 
|  94|0x0000000088200000, 0x0000000088200000, 0x0000000088300000|  0%| F|  |TAMS 0x0000000088200000, 0x0000000088200000| Untracked 
|  95|0x0000000088300000, 0x0000000088300000, 0x0000000088400000|  0%| F|  |TAMS 0x0000000088300000, 0x0000000088300000| Untracked 
|  96|0x0000000088400000, 0x0000000088400000, 0x0000000088500000|  0%| F|  |TAMS 0x0000000088400000, 0x0000000088400000| Untracked 
|  97|0x0000000088500000, 0x0000000088500000, 0x0000000088600000|  0%| F|  |TAMS 0x0000000088500000, 0x0000000088500000| Untracked 
|  98|0x0000000088600000, 0x0000000088600000, 0x0000000088700000|  0%| F|  |TAMS 0x0000000088600000, 0x0000000088600000| Untracked 
|  99|0x0000000088700000, 0x0000000088700000, 0x0000000088800000|  0%| F|  |TAMS 0x0000000088700000, 0x0000000088700000| Untracked 
| 100|0x0000000088800000, 0x0000000088800000, 0x0000000088900000|  0%| F|  |TAMS 0x0000000088800000, 0x0000000088800000| Untracked 
| 101|0x0000000088900000, 0x0000000088900000, 0x0000000088a00000|  0%| F|  |TAMS 0x0000000088900000, 0x0000000088900000| Untracked 
| 102|0x0000000088a00000, 0x0000000088a00000, 0x0000000088b00000|  0%| F|  |TAMS 0x0000000088a00000, 0x0000000088a00000| Untracked 
| 103|0x0000000088b00000, 0x0000000088b00000, 0x0000000088c00000|  0%| F|  |TAMS 0x0000000088b00000, 0x0000000088b00000| Untracked 
| 104|0x0000000088c00000, 0x0000000088c00000, 0x0000000088d00000|  0%| F|  |TAMS 0x0000000088c00000, 0x0000000088c00000| Untracked 
| 105|0x0000000088d00000, 0x0000000088d00000, 0x0000000088e00000|  0%| F|  |TAMS 0x0000000088d00000, 0x0000000088d00000| Untracked 
| 106|0x0000000088e00000, 0x0000000088e00000, 0x0000000088f00000|  0%| F|  |TAMS 0x0000000088e00000, 0x0000000088e00000| Untracked 
| 107|0x0000000088f00000, 0x0000000088f00000, 0x0000000089000000|  0%| F|  |TAMS 0x0000000088f00000, 0x0000000088f00000| Untracked 
| 108|0x0000000089000000, 0x0000000089000000, 0x0000000089100000|  0%| F|  |TAMS 0x0000000089000000, 0x0000000089000000| Untracked 
| 109|0x0000000089100000, 0x0000000089100000, 0x0000000089200000|  0%| F|  |TAMS 0x0000000089100000, 0x0000000089100000| Untracked 
| 110|0x0000000089200000, 0x0000000089200000, 0x0000000089300000|  0%| F|  |TAMS 0x0000000089200000, 0x0000000089200000| Untracked 
| 111|0x0000000089300000, 0x0000000089300000, 0x0000000089400000|  0%| F|  |TAMS 0x0000000089300000, 0x0000000089300000| Untracked 
| 112|0x0000000089400000, 0x0000000089400000, 0x0000000089500000|  0%| F|  |TAMS 0x0000000089400000, 0x0000000089400000| Untracked 
| 113|0x0000000089500000, 0x0000000089500000, 0x0000000089600000|  0%| F|  |TAMS 0x0000000089500000, 0x0000000089500000| Untracked 
| 114|0x0000000089600000, 0x0000000089600000, 0x0000000089700000|  0%| F|  |TAMS 0x0000000089600000, 0x0000000089600000| Untracked 
| 115|0x0000000089700000, 0x0000000089700000, 0x0000000089800000|  0%| F|  |TAMS 0x0000000089700000, 0x0000000089700000| Untracked 
| 116|0x0000000089800000, 0x0000000089800000, 0x0000000089900000|  0%| F|  |TAMS 0x0000000089800000, 0x0000000089800000| Untracked 
| 117|0x0000000089900000, 0x0000000089900000, 0x0000000089a00000|  0%| F|  |TAMS 0x0000000089900000, 0x0000000089900000| Untracked 
| 118|0x0000000089a00000, 0x0000000089a00000, 0x0000000089b00000|  0%| F|  |TAMS 0x0000000089a00000, 0x0000000089a00000| Untracked 
| 119|0x0000000089b00000, 0x0000000089b00000, 0x0000000089c00000|  0%| F|  |TAMS 0x0000000089b00000, 0x0000000089b00000| Untracked 
| 120|0x0000000089c00000, 0x0000000089c00000, 0x0000000089d00000|  0%| F|  |TAMS 0x0000000089c00000, 0x0000000089c00000| Untracked 
| 121|0x0000000089d00000, 0x0000000089d00000, 0x0000000089e00000|  0%| F|  |TAMS 0x0000000089d00000, 0x0000000089d00000| Untracked 
| 122|0x0000000089e00000, 0x0000000089e00000, 0x0000000089f00000|  0%| F|  |TAMS 0x0000000089e00000, 0x0000000089e00000| Untracked 
| 123|0x0000000089f00000, 0x0000000089f195a0, 0x000000008a000000|  9%| E|  |TAMS 0x0000000089f00000, 0x0000000089f00000| Complete 
| 124|0x000000008a000000, 0x000000008a100000, 0x000000008a100000|100%| E|  |TAMS 0x000000008a000000, 0x000000008a000000| Complete 
| 125|0x000000008a100000, 0x000000008a200000, 0x000000008a200000|100%| E|CS|TAMS 0x000000008a100000, 0x000000008a100000| Complete 

Card table byte_map: [0x000001de7c130000,0x000001de7c520000] _byte_map_base: 0x000001de7bd1e000

Marking Bits (Prev, Next): (CMBitMap*) 0x000001de7b984b60, (CMBitMap*) 0x000001de7b984ba0
 Prev Bits: [0x000001de7c910000, 0x000001de7e880000)
 Next Bits: [0x000001de167b0000, 0x000001de18720000)

Polling page: 0x000001de7b100000

Metaspace:

Usage:
  Non-class:      5.56 MB used.
      Class:    529.11 KB used.
       Both:      6.08 MB used.

Virtual space:
  Non-class space:        8.00 MB reserved,       5.62 MB ( 70%) committed,  1 nodes.
      Class space:        1.00 GB reserved,     576.00 KB ( <1%) committed,  1 nodes.
             Both:        1.01 GB reserved,       6.19 MB ( <1%) committed. 

Chunk freelists:
   Non-Class:  2.25 MB
       Class:  3.25 MB
        Both:  5.50 MB

MaxMetaspaceSize: unlimited
CompressedClassSpaceSize: 1.00 GB
Initial GC threshold: 21.00 MB
Current GC threshold: 21.00 MB
CDS: off
MetaspaceReclaimPolicy: balanced
 - commit_granule_bytes: 65536.
 - commit_granule_words: 8192.
 - virtual_space_node_default_size: 1048576.
 - enlarge_chunks_in_place: 1.
 - new_chunks_are_fully_committed: 0.
 - uncommit_free_chunks: 1.
 - use_allocation_guard: 0.
 - handle_deallocations: 1.


Internal statistics:

num_allocs_failed_limit: 0.
num_arena_births: 4.
num_arena_deaths: 0.
num_vsnodes_births: 2.
num_vsnodes_deaths: 0.
num_space_committed: 99.
num_space_uncommitted: 0.
num_chunks_returned_to_freelist: 0.
num_chunks_taken_from_freelist: 16.
num_chunk_merges: 0.
num_chunk_splits: 4.
num_chunks_enlarged: 1.
num_purges: 0.
num_inconsistent_stats: 0.

CodeHeap 'non-profiled nmethods': size=120000Kb used=58Kb max_used=58Kb free=119941Kb
 bounds [0x000001de0f280000, 0x000001de0f4f0000, 0x000001de167b0000]
CodeHeap 'profiled nmethods': size=120000Kb used=217Kb max_used=217Kb free=119782Kb
 bounds [0x000001de077b0000, 0x000001de07a20000, 0x000001de0ece0000]
CodeHeap 'non-nmethods': size=5760Kb used=1097Kb max_used=1102Kb free=4662Kb
 bounds [0x000001de0ece0000, 0x000001de0ef50000, 0x000001de0f280000]
 total_blobs=569 nmethods=199 adapters=283
 compilation: enabled
              stopped_count=0, restarted_count=0
 full_count=0

Compilation events (20 events):
Event: 0.254 Thread 0x000001de1b024fc0 nmethod 192 0x000001de077e3010 code [0x000001de077e31e0, 0x000001de077e34f8]
Event: 0.255 Thread 0x000001de1b024fc0  193       3       java.lang.StringUTF16::getChar (60 bytes)
Event: 0.255 Thread 0x000001de1b024fc0 nmethod 193 0x000001de077e3610 code [0x000001de077e37a0, 0x000001de077e3918]
Event: 0.257 Thread 0x000001de1b024fc0  195       3       java.lang.StringBuilder::append (8 bytes)
Event: 0.257 Thread 0x000001de1b024fc0 nmethod 195 0x000001de077e3a10 code [0x000001de077e3ba0, 0x000001de077e3ce8]
Event: 0.257 Thread 0x000001de1b024fc0  197       3       java.lang.String::charAt (25 bytes)
Event: 0.258 Thread 0x000001de1b024fc0 nmethod 197 0x000001de077e3d90 code [0x000001de077e3f80, 0x000001de077e44b8]
Event: 0.258 Thread 0x000001de1b024fc0  196       3       java.lang.AbstractStringBuilder::append (77 bytes)
Event: 0.259 Thread 0x000001de1b024fc0 nmethod 196 0x000001de077e4710 code [0x000001de077e4920, 0x000001de077e4fa8]
Event: 0.260 Thread 0x000001de1b024fc0  198       3       sun.nio.fs.WindowsPathParser::isSlash (18 bytes)
Event: 0.260 Thread 0x000001de1b024fc0 nmethod 198 0x000001de077e5210 code [0x000001de077e53a0, 0x000001de077e5518]
Event: 0.262 Thread 0x000001de1b024fc0  199       3       java.util.zip.ZipUtils::SH (21 bytes)
Event: 0.262 Thread 0x000001de1b024fc0 nmethod 199 0x000001de077e5590 code [0x000001de077e5720, 0x000001de077e5878]
Event: 0.262 Thread 0x000001de1b024fc0  200       3       java.util.zip.ZipCoder$UTF8ZipCoder::checkedHash (91 bytes)
Event: 0.263 Thread 0x000001de1b024fc0 nmethod 200 0x000001de077e5990 code [0x000001de077e5b80, 0x000001de077e5f98]
Event: 0.263 Thread 0x000001de1b024fc0  201       1       java.util.zip.ZipCoder$UTF8ZipCoder::isUTF8 (2 bytes)
Event: 0.263 Thread 0x000001de1b024fc0 nmethod 201 0x000001de0f28e710 code [0x000001de0f28e8a0, 0x000001de0f28e978]
Event: 0.263 Thread 0x000001de1b024fc0  203       3       java.util.zip.ZipUtils::LG (22 bytes)
Event: 0.263 Thread 0x000001de1b024fc0 nmethod 203 0x000001de077e6190 code [0x000001de077e6340, 0x000001de077e65b8]
Event: 0.263 Thread 0x000001de1b024fc0  204   !   3       java.util.zip.ZipFile$Source::checkAndAddEntry (209 bytes)

GC Heap History (0 events):
No events

Deoptimization events (4 events):
Event: 0.255 Thread 0x000001de7b929300 Uncommon trap: trap_request=0xffffff45 fr.pc=0x000001de0f288978 relative=0x0000000000000078
Event: 0.255 Thread 0x000001de7b929300 Uncommon trap: reason=unstable_if action=reinterpret pc=0x000001de0f288978 method=java.lang.String.isLatin1()Z @ 10 c2
Event: 0.255 Thread 0x000001de7b929300 DEOPT PACKING pc=0x000001de0f288978 sp=0x0000002a97cff350
Event: 0.255 Thread 0x000001de7b929300 DEOPT UNPACKING pc=0x000001de0ed323a3 sp=0x0000002a97cff290 mode 2

Classes unloaded (0 events):
No events

Classes redefined (0 events):
No events

Internal exceptions (4 events):
Event: 0.225 Thread 0x000001de7b929300 Exception <a 'sun/nio/fs/WindowsException'{0x000000008a05a108}> (0x000000008a05a108) 
thrown [s\open\src\hotspot\share\prims\jni.cpp, line 516]
Event: 0.225 Thread 0x000001de7b929300 Exception <a 'sun/nio/fs/WindowsException'{0x000000008a05a638}> (0x000000008a05a638) 
thrown [s\open\src\hotspot\share\prims\jni.cpp, line 516]
Event: 0.227 Thread 0x000001de7b929300 Exception <a 'sun/nio/fs/WindowsException'{0x000000008a05c8f0}> (0x000000008a05c8f0) 
thrown [s\open\src\hotspot\share\prims\jni.cpp, line 516]
Event: 0.228 Thread 0x000001de7b929300 Exception <a 'sun/nio/fs/WindowsException'{0x000000008a05d380}> (0x000000008a05d380) 
thrown [s\open\src\hotspot\share\prims\jni.cpp, line 516]

VM Operations (2 events):
Event: 0.230 Executing VM operation: HandshakeAllThreads
Event: 0.231 Executing VM operation: HandshakeAllThreads done

Events (20 events):
Event: 0.259 loading class java/nio/file/FileSystems$DefaultFileSystemHolder$1 done
Event: 0.259 loading class java/net/URI$Parser
Event: 0.259 loading class java/net/URI$Parser done
Event: 0.260 loading class java/io/RandomAccessFile
Event: 0.260 loading class java/io/DataOutput
Event: 0.260 loading class java/io/DataOutput done
Event: 0.260 loading class java/io/DataInput
Event: 0.260 loading class java/io/DataInput done
Event: 0.260 loading class java/io/RandomAccessFile done
Event: 0.260 loading class java/io/RandomAccessFile$2
Event: 0.260 loading class jdk/internal/access/JavaIORandomAccessFileAccess
Event: 0.260 loading class jdk/internal/access/JavaIORandomAccessFileAccess done
Event: 0.260 loading class java/io/RandomAccessFile$2 done
Event: 0.261 loading class java/io/FileCleanable
Event: 0.261 loading class java/io/FileCleanable done
Event: 0.261 loading class java/util/zip/ZipFile$Source$End
Event: 0.261 loading class java/util/zip/ZipFile$Source$End done
Event: 0.261 loading class java/util/zip/ZipUtils
Event: 0.261 loading class java/util/zip/ZipUtils done
Event: 0.264 loading class java/util/concurrent/TimeUnit


Dynamic libraries:
0x00007ff76ed50000 - 0x00007ff76ed60000 	C:\Program Files\Java\jdk-17\bin\java.exe
0x00007ffed24f0000 - 0x00007ffed2704000 	C:\WINDOWS\SYSTEM32\ntdll.dll
0x00007ffed0b20000 - 0x00007ffed0be2000 	C:\WINDOWS\System32\KERNEL32.DLL
0x00007ffecf930000 - 0x00007ffecfccc000 	C:\WINDOWS\System32\KERNELBASE.dll
0x00007ffecff90000 - 0x00007ffed00a1000 	C:\WINDOWS\System32\ucrtbase.dll
0x00007ffecc970000 - 0x00007ffecc98b000 	C:\Program Files\Java\jdk-17\bin\VCRUNTIME140.dll
0x00007ffeca9d0000 - 0x00007ffeca9e9000 	C:\Program Files\Java\jdk-17\bin\jli.dll
0x00007ffed1950000 - 0x00007ffed19fe000 	C:\WINDOWS\System32\ADVAPI32.dll
0x00007ffed0ca0000 - 0x00007ffed0d47000 	C:\WINDOWS\System32\msvcrt.dll
0x00007ffed0bf0000 - 0x00007ffed0c94000 	C:\WINDOWS\System32\sechost.dll
0x00007ffed22f0000 - 0x00007ffed2407000 	C:\WINDOWS\System32\RPCRT4.dll
0x00007ffed0f20000 - 0x00007ffed10cb000 	C:\WINDOWS\System32\USER32.dll
0x00007ffecfcd0000 - 0x00007ffecfcf6000 	C:\WINDOWS\System32\win32u.dll
0x00007ffeaf640000 - 0x00007ffeaf8ce000 	C:\WINDOWS\WinSxS\amd64_microsoft.windows.common-controls_6595b64144ccf1df_6.0.22621.608_none_a9444ca7c10bb01d\COMCTL32.dll
0x00007ffed0890000 - 0x00007ffed08b9000 	C:\WINDOWS\System32\GDI32.dll
0x00007ffed00b0000 - 0x00007ffed01c3000 	C:\WINDOWS\System32\gdi32full.dll
0x00007ffecfd80000 - 0x00007ffecfe1a000 	C:\WINDOWS\System32\msvcp_win.dll
0x00007ffec8600000 - 0x00007ffec860a000 	C:\WINDOWS\SYSTEM32\VERSION.dll
0x00007ffed1a60000 - 0x00007ffed1a91000 	C:\WINDOWS\System32\IMM32.DLL
0x00007ffecc920000 - 0x00007ffecc92c000 	C:\Program Files\Java\jdk-17\bin\vcruntime140_1.dll
0x00007ffe948e0000 - 0x00007ffe9496e000 	C:\Program Files\Java\jdk-17\bin\msvcp140.dll
0x00007ffe51540000 - 0x00007ffe5211d000 	C:\Program Files\Java\jdk-17\bin\server\jvm.dll
0x00007ffed0950000 - 0x00007ffed0958000 	C:\WINDOWS\System32\PSAPI.DLL
0x00007ffec7350000 - 0x00007ffec7384000 	C:\WINDOWS\SYSTEM32\WINMM.dll
0x00007ffec8750000 - 0x00007ffec8759000 	C:\WINDOWS\SYSTEM32\WSOCK32.dll
0x00007ffed2410000 - 0x00007ffed2481000 	C:\WINDOWS\System32\WS2_32.dll
0x00007ffece980000 - 0x00007ffece998000 	C:\WINDOWS\SYSTEM32\kernel.appcore.dll
0x00007ffec97b0000 - 0x00007ffec97ba000 	C:\Program Files\Java\jdk-17\bin\jimage.dll
0x00007ffecd290000 - 0x00007ffecd4be000 	C:\WINDOWS\SYSTEM32\DBGHELP.DLL
0x00007ffed15c0000 - 0x00007ffed1949000 	C:\WINDOWS\System32\combase.dll
0x00007ffed14e0000 - 0x00007ffed15b7000 	C:\WINDOWS\System32\OLEAUT32.dll
0x00007ffeb7d50000 - 0x00007ffeb7d82000 	C:\WINDOWS\SYSTEM32\dbgcore.DLL
0x00007ffecfd00000 - 0x00007ffecfd7b000 	C:\WINDOWS\System32\bcryptPrimitives.dll
0x00007ffec0af0000 - 0x00007ffec0b15000 	C:\Program Files\Java\jdk-17\bin\java.dll
0x00007ffeaf310000 - 0x00007ffeaf3e7000 	C:\Program Files\Java\jdk-17\bin\jsvml.dll
0x00007ffed1b00000 - 0x00007ffed22f0000 	C:\WINDOWS\System32\SHELL32.dll
0x00007ffecd940000 - 0x00007ffece20d000 	C:\WINDOWS\SYSTEM32\windows.storage.dll
0x00007ffecd800000 - 0x00007ffecd93e000 	C:\WINDOWS\SYSTEM32\wintypes.dll
0x00007ffed11b0000 - 0x00007ffed12a1000 	C:\WINDOWS\System32\SHCORE.dll
0x00007ffed0ec0000 - 0x00007ffed0f1e000 	C:\WINDOWS\System32\shlwapi.dll
0x00007ffecf860000 - 0x00007ffecf881000 	C:\WINDOWS\SYSTEM32\profapi.dll
0x00007ffeb5500000 - 0x00007ffeb5519000 	C:\Program Files\Java\jdk-17\bin\net.dll
0x00007ffec54a0000 - 0x00007ffec55d7000 	C:\WINDOWS\SYSTEM32\WINHTTP.dll
0x00007ffecedf0000 - 0x00007ffecee59000 	C:\WINDOWS\system32\mswsock.dll
0x00007ffeb54e0000 - 0x00007ffeb54f6000 	C:\Program Files\Java\jdk-17\bin\nio.dll
0x00007ffeb54c0000 - 0x00007ffeb54d8000 	C:\Program Files\Java\jdk-17\bin\zip.dll

dbghelp: loaded successfully - version: 4.0.5 - missing functions: none
symbol engine: initialized successfully - sym options: 0x614 - pdb path: .;C:\Program Files\Java\jdk-17\bin;C:\WINDOWS\SYSTEM32;C:\WINDOWS\WinSxS\amd64_microsoft.windows.common-controls_6595b64144ccf1df_6.0.22621.608_none_a9444ca7c10bb01d;C:\Program Files\Java\jdk-17\bin\server

VM Arguments:
jvm_args: -Dfile.encoding=UTF-8 --module-path=C:\Users\dell\OneDrive\Documents\NetBeansProjects\atm\build\classes 
java_command: atm.Transactions
java_class_path (initial): C:\Users\dell\Downloads\mysql-connector-java-8.0.28.jar;C:\Users\dell\OneDrive\Documents\NetBeansProjects\atm\build\classes
Launcher Type: SUN_STANDARD

[Global flags]
     intx CICompilerCount                          = 4                                         {product} {ergonomic}
     uint ConcGCThreads                            = 2                                         {product} {ergonomic}
     uint G1ConcRefinementThreads                  = 8                                         {product} {ergonomic}
   size_t G1HeapRegionSize                         = 1048576                                   {product} {ergonomic}
    uintx GCDrainStackTargetSize                   = 64                                        {product} {ergonomic}
   size_t InitialHeapSize                          = 132120576                                 {product} {ergonomic}
   size_t MarkStackSize                            = 4194304                                   {product} {ergonomic}
   size_t MaxHeapSize                              = 2109734912                                {product} {ergonomic}
   size_t MaxNewSize                               = 1265631232                                {product} {ergonomic}
   size_t MinHeapDeltaBytes                        = 1048576                                   {product} {ergonomic}
   size_t MinHeapSize                              = 8388608                                   {product} {ergonomic}
    uintx NonNMethodCodeHeapSize                   = 5839372                                {pd product} {ergonomic}
    uintx NonProfiledCodeHeapSize                  = 122909434                              {pd product} {ergonomic}
    uintx ProfiledCodeHeapSize                     = 122909434                              {pd product} {ergonomic}
    uintx ReservedCodeCacheSize                    = 251658240                              {pd product} {ergonomic}
     bool SegmentedCodeCache                       = true                                      {product} {ergonomic}
   size_t SoftMaxHeapSize                          = 2109734912                             {manageable} {ergonomic}
     bool UseCompressedClassPointers               = true                           {product lp64_product} {ergonomic}
     bool UseCompressedOops                        = true                           {product lp64_product} {ergonomic}
     bool UseG1GC                                  = true                                      {product} {ergonomic}
     bool UseLargePagesIndividualAllocation        = false                                  {pd product} {ergonomic}

Logging:
Log output configuration:
 #0: stdout all=warning uptime,level,tags
 #1: stderr all=off uptime,level,tags

Environment Variables:
JAVA_HOME=C:\Program Files\Java\jdk-19
PATH=C:\Python310\Scripts\;C:\Python310\;C:\Program Files\Common Files\Oracle\Java\javapath;C:\ProgramData\Oracle\Java\javapath;C:\WINDOWS\system32;C:\WINDOWS;C:\WINDOWS\System32\Wbem;C:\WINDOWS\System32\WindowsPowerShell\v1.0\;C:\WINDOWS\System32\OpenSSH\;C:\Program Files\PuTTY\;C:\Program Files\dotnet\;C:\Program Files\nodejs\;C:\ProgramData\chocolatey\bin;C:\Program Files\Git\cmd;C:\Program Files\Java\jdk-19bin;C:\Program Files (x86)\Microsoft SQL Server\160\Tools\Binn\;C:\Program Files\Microsoft SQL Server\160\Tools\Binn\;C:\Program Files\Microsoft SQL Server\Client SDK\ODBC\170\Tools\Binn\;C:\Program Files\Microsoft SQL Server\160\DTS\Binn\;C:\Program Files\MySQL\MySQL Shell 8.0\bin\;C:\Users\dell\AppData\Local\Programs\Python\Python39\Scripts\;C:\Users\dell\AppData\Local\Programs\Python\Python39\;C:\Users\dell\AppData\Local\Microsoft\WindowsApps;C:\Program Files\JetBrains\IntelliJ IDEA Community Edition 2021.2.3\bin;;C:\Users\dell\AppData\Local\Programs\Microsoft VS Code\bin;C:\Users\dell\AppData\Roaming\npm;C:\src\flutter\bin;C:\Program Files\Java\jdk-17\bin;
USERNAME=dell
OS=Windows_NT
PROCESSOR_IDENTIFIER=Intel64 Family 6 Model 142 Stepping 12, GenuineIntel



---------------  S Y S T E M  ---------------

OS:
 Windows 11 , 64 bit Build 22621 (10.0.22621.1485)
OS uptime: 2 days 19:49 hours

CPU: total 8 (initial active 8) (4 cores per cpu, 2 threads per core) family 6 model 142 stepping 12 microcode 0xf0, cx8, cmov, fxsr, ht, mmx, 3dnowpref, sse, sse2, sse3, ssse3, sse4.1, sse4.2, popcnt, lzcnt, tsc, tscinvbit, avx, avx2, aes, erms, clmul, bmi1, bmi2, adx, fma, vzeroupper, clflush, clflushopt

Memory: 4k page, system-wide physical 8040M (446M free)
TotalPageFile size 32616M (AvailPageFile size 4M)
current process WorkingSet (physical memory assigned to process): 33M, peak: 33M
current process commit charge ("private bytes"): 204M, peak: 204M

vm_info: Java HotSpot(TM) 64-Bit Server VM (17.0.7+8-LTS-224) for windows-amd64 JRE (17.0.7+8-LTS-224), built on Feb 28 2023 23:03:02 by "mach5one" with MS VC++ 17.1 (VS2022)

END.
